{"/Users/zackarychapple/code/figma-research-clean/specialist_work/packages/snapshot-generator/src/comparison.ts": {"path":"/Users/zackarychapple/code/figma-research-clean/specialist_work/packages/snapshot-generator/src/comparison.ts","statementMap":{"0":{"start":{"line":19,"column":24},"end":{"line":23,"column":null}},"1":{"start":{"line":26,"column":21},"end":{"line":26,"column":null}},"2":{"start":{"line":29,"column":26},"end":{"line":29,"column":null}},"3":{"start":{"line":31,"column":2},"end":{"line":35,"column":null}},"4":{"start":{"line":45,"column":17},"end":{"line":45,"column":null}},"5":{"start":{"line":46,"column":17},"end":{"line":46,"column":null}},"6":{"start":{"line":48,"column":24},"end":{"line":48,"column":null}},"7":{"start":{"line":51,"column":42},"end":{"line":51,"column":null}},"8":{"start":{"line":52,"column":18},"end":{"line":52,"column":null}},"9":{"start":{"line":53,"column":18},"end":{"line":53,"column":null}},"10":{"start":{"line":55,"column":20},"end":{"line":55,"column":null}},"11":{"start":{"line":56,"column":2},"end":{"line":60,"column":null}},"12":{"start":{"line":57,"column":24},"end":{"line":57,"column":null}},"13":{"start":{"line":58,"column":24},"end":{"line":58,"column":null}},"14":{"start":{"line":59,"column":4},"end":{"line":59,"column":null}},"15":{"start":{"line":63,"column":47},"end":{"line":63,"column":null}},"16":{"start":{"line":64,"column":16},"end":{"line":64,"column":null}},"17":{"start":{"line":65,"column":16},"end":{"line":65,"column":null}},"18":{"start":{"line":67,"column":26},"end":{"line":70,"column":null}},"19":{"start":{"line":71,"column":2},"end":{"line":75,"column":null}},"20":{"start":{"line":72,"column":22},"end":{"line":72,"column":null}},"21":{"start":{"line":73,"column":22},"end":{"line":73,"column":null}},"22":{"start":{"line":74,"column":4},"end":{"line":74,"column":null}},"23":{"start":{"line":77,"column":2},"end":{"line":81,"column":null}},"24":{"start":{"line":92,"column":16},"end":{"line":92,"column":null}},"25":{"start":{"line":93,"column":16},"end":{"line":93,"column":null}},"26":{"start":{"line":95,"column":28},"end":{"line":95,"column":null}},"27":{"start":{"line":95,"column":55},"end":{"line":95,"column":70}},"28":{"start":{"line":96,"column":30},"end":{"line":96,"column":null}},"29":{"start":{"line":96,"column":57},"end":{"line":96,"column":72}},"30":{"start":{"line":99,"column":36},"end":{"line":99,"column":null}},"31":{"start":{"line":100,"column":19},"end":{"line":100,"column":null}},"32":{"start":{"line":101,"column":19},"end":{"line":101,"column":null}},"33":{"start":{"line":103,"column":24},"end":{"line":106,"column":null}},"34":{"start":{"line":107,"column":2},"end":{"line":111,"column":null}},"35":{"start":{"line":108,"column":4},"end":{"line":110,"column":null}},"36":{"start":{"line":109,"column":6},"end":{"line":109,"column":null}},"37":{"start":{"line":114,"column":38},"end":{"line":114,"column":null}},"38":{"start":{"line":117,"column":16},"end":{"line":117,"column":null}},"39":{"start":{"line":118,"column":16},"end":{"line":118,"column":null}},"40":{"start":{"line":120,"column":20},"end":{"line":120,"column":null}},"41":{"start":{"line":120,"column":45},"end":{"line":120,"column":51}},"42":{"start":{"line":121,"column":20},"end":{"line":121,"column":null}},"43":{"start":{"line":121,"column":45},"end":{"line":121,"column":51}},"44":{"start":{"line":123,"column":2},"end":{"line":134,"column":null}},"45":{"start":{"line":124,"column":4},"end":{"line":133,"column":null}},"46":{"start":{"line":125,"column":6},"end":{"line":125,"column":null}},"47":{"start":{"line":127,"column":21},"end":{"line":127,"column":null}},"48":{"start":{"line":127,"column":39},"end":{"line":127,"column":58}},"49":{"start":{"line":128,"column":6},"end":{"line":132,"column":null}},"50":{"start":{"line":129,"column":8},"end":{"line":131,"column":null}},"51":{"start":{"line":136,"column":2},"end":{"line":140,"column":null}},"52":{"start":{"line":137,"column":4},"end":{"line":139,"column":null}},"53":{"start":{"line":138,"column":6},"end":{"line":138,"column":null}},"54":{"start":{"line":143,"column":17},"end":{"line":143,"column":null}},"55":{"start":{"line":144,"column":17},"end":{"line":144,"column":null}},"56":{"start":{"line":146,"column":2},"end":{"line":150,"column":null}},"57":{"start":{"line":147,"column":4},"end":{"line":149,"column":null}},"58":{"start":{"line":148,"column":6},"end":{"line":148,"column":null}},"59":{"start":{"line":152,"column":2},"end":{"line":156,"column":null}},"60":{"start":{"line":153,"column":4},"end":{"line":155,"column":null}},"61":{"start":{"line":154,"column":6},"end":{"line":154,"column":null}},"62":{"start":{"line":158,"column":2},"end":{"line":163,"column":null}},"63":{"start":{"line":173,"column":26},"end":{"line":173,"column":null}},"64":{"start":{"line":176,"column":2},"end":{"line":176,"column":null}},"65":{"start":{"line":177,"column":2},"end":{"line":179,"column":null}},"66":{"start":{"line":180,"column":2},"end":{"line":180,"column":null}},"67":{"start":{"line":183,"column":2},"end":{"line":183,"column":null}},"68":{"start":{"line":184,"column":24},"end":{"line":184,"column":null}},"69":{"start":{"line":185,"column":8},"end":{"line":185,"column":null}},"70":{"start":{"line":186,"column":27},"end":{"line":186,"column":null}},"71":{"start":{"line":187,"column":2},"end":{"line":187,"column":null}},"72":{"start":{"line":189,"column":2},"end":{"line":196,"column":null}},"73":{"start":{"line":190,"column":4},"end":{"line":190,"column":null}},"74":{"start":{"line":191,"column":4},"end":{"line":195,"column":null}},"75":{"start":{"line":192,"column":12},"end":{"line":192,"column":null}},"76":{"start":{"line":193,"column":24},"end":{"line":193,"column":null}},"77":{"start":{"line":194,"column":6},"end":{"line":194,"column":null}},"78":{"start":{"line":198,"column":2},"end":{"line":207,"column":null}},"79":{"start":{"line":199,"column":4},"end":{"line":199,"column":null}},"80":{"start":{"line":200,"column":4},"end":{"line":206,"column":null}},"81":{"start":{"line":203,"column":12},"end":{"line":203,"column":null}},"82":{"start":{"line":204,"column":24},"end":{"line":204,"column":null}},"83":{"start":{"line":205,"column":6},"end":{"line":205,"column":null}},"84":{"start":{"line":210,"column":2},"end":{"line":210,"column":null}},"85":{"start":{"line":212,"column":2},"end":{"line":217,"column":null}},"86":{"start":{"line":213,"column":4},"end":{"line":213,"column":null}},"87":{"start":{"line":214,"column":4},"end":{"line":216,"column":null}},"88":{"start":{"line":215,"column":6},"end":{"line":215,"column":null}},"89":{"start":{"line":219,"column":2},"end":{"line":224,"column":null}},"90":{"start":{"line":220,"column":4},"end":{"line":220,"column":null}},"91":{"start":{"line":221,"column":4},"end":{"line":223,"column":null}},"92":{"start":{"line":222,"column":6},"end":{"line":222,"column":null}},"93":{"start":{"line":226,"column":2},"end":{"line":231,"column":null}},"94":{"start":{"line":227,"column":4},"end":{"line":227,"column":null}},"95":{"start":{"line":228,"column":4},"end":{"line":230,"column":null}},"96":{"start":{"line":229,"column":6},"end":{"line":229,"column":null}},"97":{"start":{"line":233,"column":2},"end":{"line":238,"column":null}},"98":{"start":{"line":234,"column":4},"end":{"line":234,"column":null}},"99":{"start":{"line":235,"column":4},"end":{"line":237,"column":null}},"100":{"start":{"line":236,"column":6},"end":{"line":236,"column":null}},"101":{"start":{"line":240,"column":2},"end":{"line":247,"column":null}},"102":{"start":{"line":246,"column":4},"end":{"line":246,"column":null}},"103":{"start":{"line":249,"column":2},"end":{"line":249,"column":null}}},"fnMap":{"0":{"name":"compareSnapshots","decl":{"start":{"line":14,"column":16},"end":{"line":14,"column":null}},"loc":{"start":{"line":17,"column":22},"end":{"line":36,"column":null}},"line":17},"1":{"name":"compareScores","decl":{"start":{"line":41,"column":9},"end":{"line":41,"column":null}},"loc":{"start":{"line":44,"column":37},"end":{"line":82,"column":null}},"line":44},"2":{"name":"compareTemplates","decl":{"start":{"line":87,"column":9},"end":{"line":87,"column":null}},"loc":{"start":{"line":90,"column":42},"end":{"line":164,"column":null}},"line":90},"3":{"name":"(anonymous_3)","decl":{"start":{"line":95,"column":46},"end":{"line":95,"column":47}},"loc":{"start":{"line":95,"column":55},"end":{"line":95,"column":70}},"line":95},"4":{"name":"(anonymous_4)","decl":{"start":{"line":96,"column":48},"end":{"line":96,"column":49}},"loc":{"start":{"line":96,"column":57},"end":{"line":96,"column":72}},"line":96},"5":{"name":"(anonymous_5)","decl":{"start":{"line":120,"column":38},"end":{"line":120,"column":39}},"loc":{"start":{"line":120,"column":45},"end":{"line":120,"column":51}},"line":120},"6":{"name":"(anonymous_6)","decl":{"start":{"line":121,"column":38},"end":{"line":121,"column":39}},"loc":{"start":{"line":121,"column":45},"end":{"line":121,"column":51}},"line":121},"7":{"name":"(anonymous_7)","decl":{"start":{"line":127,"column":32},"end":{"line":127,"column":33}},"loc":{"start":{"line":127,"column":39},"end":{"line":127,"column":58}},"line":127},"8":{"name":"formatComparisonReport","decl":{"start":{"line":172,"column":16},"end":{"line":172,"column":39}},"loc":{"start":{"line":172,"column":79},"end":{"line":250,"column":null}},"line":172}},"branchMap":{"0":{"loc":{"start":{"line":45,"column":17},"end":{"line":45,"column":null}},"type":"binary-expr","locations":[{"start":{"line":45,"column":17},"end":{"line":45,"column":77}},{"start":{"line":45,"column":77},"end":{"line":45,"column":null}}],"line":45},"1":{"loc":{"start":{"line":46,"column":17},"end":{"line":46,"column":null}},"type":"binary-expr","locations":[{"start":{"line":46,"column":17},"end":{"line":46,"column":77}},{"start":{"line":46,"column":77},"end":{"line":46,"column":null}}],"line":46},"2":{"loc":{"start":{"line":52,"column":18},"end":{"line":52,"column":null}},"type":"binary-expr","locations":[{"start":{"line":52,"column":18},"end":{"line":52,"column":70}},{"start":{"line":52,"column":70},"end":{"line":52,"column":null}}],"line":52},"3":{"loc":{"start":{"line":53,"column":18},"end":{"line":53,"column":null}},"type":"binary-expr","locations":[{"start":{"line":53,"column":18},"end":{"line":53,"column":70}},{"start":{"line":53,"column":70},"end":{"line":53,"column":null}}],"line":53},"4":{"loc":{"start":{"line":57,"column":24},"end":{"line":57,"column":null}},"type":"binary-expr","locations":[{"start":{"line":57,"column":24},"end":{"line":57,"column":57}},{"start":{"line":57,"column":57},"end":{"line":57,"column":null}}],"line":57},"5":{"loc":{"start":{"line":58,"column":24},"end":{"line":58,"column":null}},"type":"binary-expr","locations":[{"start":{"line":58,"column":24},"end":{"line":58,"column":57}},{"start":{"line":58,"column":57},"end":{"line":58,"column":null}}],"line":58},"6":{"loc":{"start":{"line":64,"column":16},"end":{"line":64,"column":null}},"type":"binary-expr","locations":[{"start":{"line":64,"column":16},"end":{"line":64,"column":73}},{"start":{"line":64,"column":73},"end":{"line":64,"column":null}}],"line":64},"7":{"loc":{"start":{"line":65,"column":16},"end":{"line":65,"column":null}},"type":"binary-expr","locations":[{"start":{"line":65,"column":16},"end":{"line":65,"column":73}},{"start":{"line":65,"column":73},"end":{"line":65,"column":null}}],"line":65},"8":{"loc":{"start":{"line":72,"column":22},"end":{"line":72,"column":null}},"type":"binary-expr","locations":[{"start":{"line":72,"column":22},"end":{"line":72,"column":43}},{"start":{"line":72,"column":43},"end":{"line":72,"column":null}}],"line":72},"9":{"loc":{"start":{"line":73,"column":22},"end":{"line":73,"column":null}},"type":"binary-expr","locations":[{"start":{"line":73,"column":22},"end":{"line":73,"column":43}},{"start":{"line":73,"column":43},"end":{"line":73,"column":null}}],"line":73},"10":{"loc":{"start":{"line":108,"column":4},"end":{"line":110,"column":null}},"type":"if","locations":[{"start":{"line":108,"column":4},"end":{"line":110,"column":null}},{"start":{},"end":{}}],"line":108},"11":{"loc":{"start":{"line":117,"column":16},"end":{"line":117,"column":null}},"type":"binary-expr","locations":[{"start":{"line":117,"column":16},"end":{"line":117,"column":47}},{"start":{"line":117,"column":47},"end":{"line":117,"column":null}}],"line":117},"12":{"loc":{"start":{"line":118,"column":16},"end":{"line":118,"column":null}},"type":"binary-expr","locations":[{"start":{"line":118,"column":16},"end":{"line":118,"column":47}},{"start":{"line":118,"column":47},"end":{"line":118,"column":null}}],"line":118},"13":{"loc":{"start":{"line":124,"column":4},"end":{"line":133,"column":null}},"type":"if","locations":[{"start":{"line":124,"column":4},"end":{"line":133,"column":null}},{"start":{"line":126,"column":11},"end":{"line":133,"column":null}}],"line":124},"14":{"loc":{"start":{"line":128,"column":6},"end":{"line":132,"column":null}},"type":"if","locations":[{"start":{"line":128,"column":6},"end":{"line":132,"column":null}},{"start":{},"end":{}}],"line":128},"15":{"loc":{"start":{"line":128,"column":10},"end":{"line":128,"column":52}},"type":"binary-expr","locations":[{"start":{"line":128,"column":10},"end":{"line":128,"column":20}},{"start":{"line":128,"column":20},"end":{"line":128,"column":52}}],"line":128},"16":{"loc":{"start":{"line":137,"column":4},"end":{"line":139,"column":null}},"type":"if","locations":[{"start":{"line":137,"column":4},"end":{"line":139,"column":null}},{"start":{},"end":{}}],"line":137},"17":{"loc":{"start":{"line":143,"column":25},"end":{"line":143,"column":69}},"type":"binary-expr","locations":[{"start":{"line":143,"column":25},"end":{"line":143,"column":67}},{"start":{"line":143,"column":67},"end":{"line":143,"column":69}}],"line":143},"18":{"loc":{"start":{"line":144,"column":25},"end":{"line":144,"column":69}},"type":"binary-expr","locations":[{"start":{"line":144,"column":25},"end":{"line":144,"column":67}},{"start":{"line":144,"column":67},"end":{"line":144,"column":69}}],"line":144},"19":{"loc":{"start":{"line":147,"column":4},"end":{"line":149,"column":null}},"type":"if","locations":[{"start":{"line":147,"column":4},"end":{"line":149,"column":null}},{"start":{},"end":{}}],"line":147},"20":{"loc":{"start":{"line":153,"column":4},"end":{"line":155,"column":null}},"type":"if","locations":[{"start":{"line":153,"column":4},"end":{"line":155,"column":null}},{"start":{},"end":{}}],"line":153},"21":{"loc":{"start":{"line":186,"column":27},"end":{"line":186,"column":null}},"type":"cond-expr","locations":[{"start":{"line":186,"column":48},"end":{"line":186,"column":54}},{"start":{"line":186,"column":54},"end":{"line":186,"column":null}}],"line":186},"22":{"loc":{"start":{"line":189,"column":2},"end":{"line":196,"column":null}},"type":"if","locations":[{"start":{"line":189,"column":2},"end":{"line":196,"column":null}},{"start":{},"end":{}}],"line":189},"23":{"loc":{"start":{"line":193,"column":24},"end":{"line":193,"column":null}},"type":"cond-expr","locations":[{"start":{"line":193,"column":38},"end":{"line":193,"column":44}},{"start":{"line":193,"column":44},"end":{"line":193,"column":null}}],"line":193},"24":{"loc":{"start":{"line":198,"column":2},"end":{"line":207,"column":null}},"type":"if","locations":[{"start":{"line":198,"column":2},"end":{"line":207,"column":null}},{"start":{},"end":{}}],"line":198},"25":{"loc":{"start":{"line":204,"column":24},"end":{"line":204,"column":null}},"type":"cond-expr","locations":[{"start":{"line":204,"column":38},"end":{"line":204,"column":44}},{"start":{"line":204,"column":44},"end":{"line":204,"column":null}}],"line":204},"26":{"loc":{"start":{"line":212,"column":2},"end":{"line":217,"column":null}},"type":"if","locations":[{"start":{"line":212,"column":2},"end":{"line":217,"column":null}},{"start":{},"end":{}}],"line":212},"27":{"loc":{"start":{"line":219,"column":2},"end":{"line":224,"column":null}},"type":"if","locations":[{"start":{"line":219,"column":2},"end":{"line":224,"column":null}},{"start":{},"end":{}}],"line":219},"28":{"loc":{"start":{"line":226,"column":2},"end":{"line":231,"column":null}},"type":"if","locations":[{"start":{"line":226,"column":2},"end":{"line":231,"column":null}},{"start":{},"end":{}}],"line":226},"29":{"loc":{"start":{"line":233,"column":2},"end":{"line":238,"column":null}},"type":"if","locations":[{"start":{"line":233,"column":2},"end":{"line":238,"column":null}},{"start":{},"end":{}}],"line":233},"30":{"loc":{"start":{"line":240,"column":2},"end":{"line":247,"column":null}},"type":"if","locations":[{"start":{"line":240,"column":2},"end":{"line":247,"column":null}},{"start":{},"end":{}}],"line":240},"31":{"loc":{"start":{"line":241,"column":4},"end":{"line":244,"column":null}},"type":"binary-expr","locations":[{"start":{"line":241,"column":4},"end":{"line":241,"column":null}},{"start":{"line":242,"column":4},"end":{"line":242,"column":null}},{"start":{"line":243,"column":4},"end":{"line":243,"column":null}},{"start":{"line":244,"column":4},"end":{"line":244,"column":null}}],"line":241}},"s":{"0":4,"1":4,"2":4,"3":4,"4":4,"5":4,"6":4,"7":4,"8":4,"9":4,"10":4,"11":4,"12":4,"13":4,"14":4,"15":4,"16":4,"17":4,"18":4,"19":4,"20":6,"21":6,"22":6,"23":4,"24":4,"25":4,"26":4,"27":11,"28":4,"29":9,"30":4,"31":4,"32":4,"33":4,"34":4,"35":8,"36":0,"37":4,"38":4,"39":4,"40":4,"41":4,"42":4,"43":4,"44":4,"45":4,"46":0,"47":4,"48":4,"49":4,"50":1,"51":4,"52":4,"53":0,"54":4,"55":4,"56":4,"57":8,"58":0,"59":4,"60":8,"61":0,"62":4,"63":1,"64":1,"65":1,"66":1,"67":1,"68":1,"69":1,"70":1,"71":1,"72":1,"73":1,"74":1,"75":1,"76":1,"77":1,"78":1,"79":1,"80":1,"81":1,"82":1,"83":1,"84":1,"85":1,"86":0,"87":0,"88":0,"89":1,"90":0,"91":0,"92":0,"93":1,"94":0,"95":0,"96":0,"97":1,"98":0,"99":0,"100":0,"101":1,"102":1,"103":1},"f":{"0":4,"1":4,"2":4,"3":11,"4":9,"5":4,"6":4,"7":4,"8":1},"b":{"0":[4,0],"1":[4,0],"2":[4,0],"3":[4,0],"4":[4,0],"5":[4,0],"6":[4,0],"7":[4,0],"8":[6,1],"9":[6,0],"10":[0,8],"11":[4,0],"12":[4,0],"13":[0,4],"14":[1,3],"15":[4,4],"16":[0,4],"17":[4,0],"18":[4,0],"19":[0,8],"20":[0,8],"21":[1,0],"22":[1,0],"23":[1,0],"24":[1,0],"25":[1,0],"26":[0,1],"27":[0,1],"28":[0,1],"29":[0,1],"30":[1,0],"31":[1,1,1,1]},"meta":{"lastBranch":32,"lastFunction":9,"lastStatement":104,"seen":{"f:14:16:14:Infinity":0,"s:19:24:23:Infinity":0,"s:26:21:26:Infinity":1,"s:29:26:29:Infinity":2,"s:31:2:35:Infinity":3,"f:41:9:41:Infinity":1,"s:45:17:45:Infinity":4,"b:45:17:45:77:45:77:45:Infinity":0,"s:46:17:46:Infinity":5,"b:46:17:46:77:46:77:46:Infinity":1,"s:48:24:48:Infinity":6,"s:51:42:51:Infinity":7,"s:52:18:52:Infinity":8,"b:52:18:52:70:52:70:52:Infinity":2,"s:53:18:53:Infinity":9,"b:53:18:53:70:53:70:53:Infinity":3,"s:55:20:55:Infinity":10,"s:56:2:60:Infinity":11,"s:57:24:57:Infinity":12,"b:57:24:57:57:57:57:57:Infinity":4,"s:58:24:58:Infinity":13,"b:58:24:58:57:58:57:58:Infinity":5,"s:59:4:59:Infinity":14,"s:63:47:63:Infinity":15,"s:64:16:64:Infinity":16,"b:64:16:64:73:64:73:64:Infinity":6,"s:65:16:65:Infinity":17,"b:65:16:65:73:65:73:65:Infinity":7,"s:67:26:70:Infinity":18,"s:71:2:75:Infinity":19,"s:72:22:72:Infinity":20,"b:72:22:72:43:72:43:72:Infinity":8,"s:73:22:73:Infinity":21,"b:73:22:73:43:73:43:73:Infinity":9,"s:74:4:74:Infinity":22,"s:77:2:81:Infinity":23,"f:87:9:87:Infinity":2,"s:92:16:92:Infinity":24,"s:93:16:93:Infinity":25,"s:95:28:95:Infinity":26,"f:95:46:95:47":3,"s:95:55:95:70":27,"s:96:30:96:Infinity":28,"f:96:48:96:49":4,"s:96:57:96:72":29,"s:99:36:99:Infinity":30,"s:100:19:100:Infinity":31,"s:101:19:101:Infinity":32,"s:103:24:106:Infinity":33,"s:107:2:111:Infinity":34,"b:108:4:110:Infinity:undefined:undefined:undefined:undefined":10,"s:108:4:110:Infinity":35,"s:109:6:109:Infinity":36,"s:114:38:114:Infinity":37,"s:117:16:117:Infinity":38,"b:117:16:117:47:117:47:117:Infinity":11,"s:118:16:118:Infinity":39,"b:118:16:118:47:118:47:118:Infinity":12,"s:120:20:120:Infinity":40,"f:120:38:120:39":5,"s:120:45:120:51":41,"s:121:20:121:Infinity":42,"f:121:38:121:39":6,"s:121:45:121:51":43,"s:123:2:134:Infinity":44,"b:124:4:133:Infinity:126:11:133:Infinity":13,"s:124:4:133:Infinity":45,"s:125:6:125:Infinity":46,"s:127:21:127:Infinity":47,"f:127:32:127:33":7,"s:127:39:127:58":48,"b:128:6:132:Infinity:undefined:undefined:undefined:undefined":14,"s:128:6:132:Infinity":49,"b:128:10:128:20:128:20:128:52":15,"s:129:8:131:Infinity":50,"s:136:2:140:Infinity":51,"b:137:4:139:Infinity:undefined:undefined:undefined:undefined":16,"s:137:4:139:Infinity":52,"s:138:6:138:Infinity":53,"s:143:17:143:Infinity":54,"b:143:25:143:67:143:67:143:69":17,"s:144:17:144:Infinity":55,"b:144:25:144:67:144:67:144:69":18,"s:146:2:150:Infinity":56,"b:147:4:149:Infinity:undefined:undefined:undefined:undefined":19,"s:147:4:149:Infinity":57,"s:148:6:148:Infinity":58,"s:152:2:156:Infinity":59,"b:153:4:155:Infinity:undefined:undefined:undefined:undefined":20,"s:153:4:155:Infinity":60,"s:154:6:154:Infinity":61,"s:158:2:163:Infinity":62,"f:172:16:172:39":8,"s:173:26:173:Infinity":63,"s:176:2:176:Infinity":64,"s:177:2:179:Infinity":65,"s:180:2:180:Infinity":66,"s:183:2:183:Infinity":67,"s:184:24:184:Infinity":68,"s:185:8:185:Infinity":69,"s:186:27:186:Infinity":70,"b:186:48:186:54:186:54:186:Infinity":21,"s:187:2:187:Infinity":71,"b:189:2:196:Infinity:undefined:undefined:undefined:undefined":22,"s:189:2:196:Infinity":72,"s:190:4:190:Infinity":73,"s:191:4:195:Infinity":74,"s:192:12:192:Infinity":75,"s:193:24:193:Infinity":76,"b:193:38:193:44:193:44:193:Infinity":23,"s:194:6:194:Infinity":77,"b:198:2:207:Infinity:undefined:undefined:undefined:undefined":24,"s:198:2:207:Infinity":78,"s:199:4:199:Infinity":79,"s:200:4:206:Infinity":80,"s:203:12:203:Infinity":81,"s:204:24:204:Infinity":82,"b:204:38:204:44:204:44:204:Infinity":25,"s:205:6:205:Infinity":83,"s:210:2:210:Infinity":84,"b:212:2:217:Infinity:undefined:undefined:undefined:undefined":26,"s:212:2:217:Infinity":85,"s:213:4:213:Infinity":86,"s:214:4:216:Infinity":87,"s:215:6:215:Infinity":88,"b:219:2:224:Infinity:undefined:undefined:undefined:undefined":27,"s:219:2:224:Infinity":89,"s:220:4:220:Infinity":90,"s:221:4:223:Infinity":91,"s:222:6:222:Infinity":92,"b:226:2:231:Infinity:undefined:undefined:undefined:undefined":28,"s:226:2:231:Infinity":93,"s:227:4:227:Infinity":94,"s:228:4:230:Infinity":95,"s:229:6:229:Infinity":96,"b:233:2:238:Infinity:undefined:undefined:undefined:undefined":29,"s:233:2:238:Infinity":97,"s:234:4:234:Infinity":98,"s:235:4:237:Infinity":99,"s:236:6:236:Infinity":100,"b:240:2:247:Infinity:undefined:undefined:undefined:undefined":30,"s:240:2:247:Infinity":101,"b:241:4:241:Infinity:242:4:242:Infinity:243:4:243:Infinity:244:4:244:Infinity":31,"s:246:4:246:Infinity":102,"s:249:2:249:Infinity":103}}}
,"/Users/zackarychapple/code/figma-research-clean/specialist_work/packages/snapshot-generator/src/generator.ts": {"path":"/Users/zackarychapple/code/figma-research-clean/specialist_work/packages/snapshot-generator/src/generator.ts","statementMap":{"0":{"start":{"line":24,"column":26},"end":{"line":24,"column":null}},"1":{"start":{"line":33,"column":8},"end":{"line":33,"column":null}},"2":{"start":{"line":34,"column":2},"end":{"line":34,"column":null}},"3":{"start":{"line":44,"column":19},"end":{"line":44,"column":null}},"4":{"start":{"line":47,"column":2},"end":{"line":51,"column":null}},"5":{"start":{"line":48,"column":21},"end":{"line":48,"column":null}},"6":{"start":{"line":49,"column":4},"end":{"line":49,"column":null}},"7":{"start":{"line":50,"column":4},"end":{"line":50,"column":null}},"8":{"start":{"line":54,"column":46},"end":{"line":54,"column":null}},"9":{"start":{"line":55,"column":2},"end":{"line":72,"column":null}},"10":{"start":{"line":56,"column":22},"end":{"line":56,"column":null}},"11":{"start":{"line":57,"column":27},"end":{"line":57,"column":null}},"12":{"start":{"line":57,"column":53},"end":{"line":57,"column":68}},"13":{"start":{"line":59,"column":6},"end":{"line":59,"column":null}},"14":{"start":{"line":59,"column":37},"end":{"line":59,"column":61}},"15":{"start":{"line":61,"column":6},"end":{"line":61,"column":null}},"16":{"start":{"line":61,"column":37},"end":{"line":61,"column":65}},"17":{"start":{"line":63,"column":6},"end":{"line":63,"column":null}},"18":{"start":{"line":63,"column":37},"end":{"line":63,"column":68}},"19":{"start":{"line":65,"column":4},"end":{"line":71,"column":null}},"20":{"start":{"line":74,"column":2},"end":{"line":74,"column":null}},"21":{"start":{"line":89,"column":24},"end":{"line":89,"column":null}},"22":{"start":{"line":91,"column":2},"end":{"line":110,"column":null}},"23":{"start":{"line":93,"column":30},"end":{"line":103,"column":null}},"24":{"start":{"line":94,"column":28},"end":{"line":94,"column":null}},"25":{"start":{"line":95,"column":33},"end":{"line":95,"column":null}},"26":{"start":{"line":96,"column":30},"end":{"line":96,"column":null}},"27":{"start":{"line":97,"column":6},"end":{"line":101,"column":null}},"28":{"start":{"line":105,"column":4},"end":{"line":109,"column":null}},"29":{"start":{"line":106,"column":23},"end":{"line":106,"column":null}},"30":{"start":{"line":107,"column":6},"end":{"line":107,"column":null}},"31":{"start":{"line":108,"column":6},"end":{"line":108,"column":null}},"32":{"start":{"line":113,"column":41},"end":{"line":113,"column":null}},"33":{"start":{"line":114,"column":2},"end":{"line":117,"column":null}},"34":{"start":{"line":115,"column":4},"end":{"line":116,"column":null}},"35":{"start":{"line":116,"column":42},"end":{"line":116,"column":51}},"36":{"start":{"line":119,"column":2},"end":{"line":119,"column":null}},"37":{"start":{"line":133,"column":2},"end":{"line":139,"column":null}},"38":{"start":{"line":134,"column":4},"end":{"line":138,"column":null}},"39":{"start":{"line":143,"column":4},"end":{"line":143,"column":null}},"40":{"start":{"line":143,"column":30},"end":{"line":143,"column":54}},"41":{"start":{"line":145,"column":2},"end":{"line":149,"column":null}},"42":{"start":{"line":163,"column":27},"end":{"line":163,"column":null}},"43":{"start":{"line":164,"column":28},"end":{"line":164,"column":null}},"44":{"start":{"line":166,"column":2},"end":{"line":173,"column":null}},"45":{"start":{"line":190,"column":8},"end":{"line":190,"column":null}},"46":{"start":{"line":191,"column":2},"end":{"line":191,"column":null}},"47":{"start":{"line":193,"column":43},"end":{"line":193,"column":null}},"48":{"start":{"line":194,"column":2},"end":{"line":203,"column":null}},"49":{"start":{"line":195,"column":4},"end":{"line":195,"column":null}},"50":{"start":{"line":196,"column":4},"end":{"line":196,"column":null}},"51":{"start":{"line":199,"column":4},"end":{"line":202,"column":null}},"52":{"start":{"line":199,"column":54},"end":{"line":202,"column":6}},"53":{"start":{"line":206,"column":2},"end":{"line":213,"column":null}},"54":{"start":{"line":207,"column":10},"end":{"line":207,"column":null}},"55":{"start":{"line":208,"column":4},"end":{"line":212,"column":null}},"56":{"start":{"line":209,"column":6},"end":{"line":211,"column":null}},"57":{"start":{"line":216,"column":19},"end":{"line":216,"column":null}},"58":{"start":{"line":219,"column":44},"end":{"line":222,"column":null}},"59":{"start":{"line":225,"column":2},"end":{"line":242,"column":null}},"60":{"start":{"line":226,"column":28},"end":{"line":229,"column":null}},"61":{"start":{"line":231,"column":4},"end":{"line":241,"column":null}},"62":{"start":{"line":245,"column":2},"end":{"line":245,"column":null}},"63":{"start":{"line":254,"column":2},"end":{"line":254,"column":null}},"64":{"start":{"line":265,"column":61},"end":{"line":265,"column":null}},"65":{"start":{"line":269,"column":2},"end":{"line":278,"column":null}},"66":{"start":{"line":270,"column":5},"end":{"line":277,"column":null}},"67":{"start":{"line":281,"column":37},"end":{"line":281,"column":null}},"68":{"start":{"line":282,"column":2},"end":{"line":284,"column":null}},"69":{"start":{"line":283,"column":4},"end":{"line":283,"column":null}},"70":{"start":{"line":287,"column":2},"end":{"line":295,"column":null}},"71":{"start":{"line":291,"column":40},"end":{"line":291,"column":null}},"72":{"start":{"line":292,"column":4},"end":{"line":294,"column":null}},"73":{"start":{"line":293,"column":6},"end":{"line":293,"column":null}},"74":{"start":{"line":297,"column":2},"end":{"line":297,"column":null}},"75":{"start":{"line":309,"column":57},"end":{"line":309,"column":null}},"76":{"start":{"line":312,"column":2},"end":{"line":320,"column":null}},"77":{"start":{"line":313,"column":5},"end":{"line":319,"column":null}},"78":{"start":{"line":322,"column":2},"end":{"line":322,"column":null}}},"fnMap":{"0":{"name":"calculateChecksum","decl":{"start":{"line":32,"column":16},"end":{"line":32,"column":34}},"loc":{"start":{"line":32,"column":53},"end":{"line":35,"column":null}},"line":32},"1":{"name":"aggregateByModel","decl":{"start":{"line":43,"column":9},"end":{"line":43,"column":26}},"loc":{"start":{"line":43,"column":82},"end":{"line":75,"column":null}},"line":43},"2":{"name":"(anonymous_2)","decl":{"start":{"line":57,"column":46},"end":{"line":57,"column":47}},"loc":{"start":{"line":57,"column":53},"end":{"line":57,"column":68}},"line":57},"3":{"name":"(anonymous_3)","decl":{"start":{"line":59,"column":25},"end":{"line":59,"column":26}},"loc":{"start":{"line":59,"column":37},"end":{"line":59,"column":61}},"line":59},"4":{"name":"(anonymous_4)","decl":{"start":{"line":61,"column":25},"end":{"line":61,"column":26}},"loc":{"start":{"line":61,"column":37},"end":{"line":61,"column":65}},"line":61},"5":{"name":"(anonymous_5)","decl":{"start":{"line":63,"column":25},"end":{"line":63,"column":26}},"loc":{"start":{"line":63,"column":37},"end":{"line":63,"column":68}},"line":63},"6":{"name":"aggregateByCapability","decl":{"start":{"line":84,"column":9},"end":{"line":84,"column":null}},"loc":{"start":{"line":87,"column":26},"end":{"line":120,"column":null}},"line":87},"7":{"name":"(anonymous_7)","decl":{"start":{"line":93,"column":62},"end":{"line":93,"column":63}},"loc":{"start":{"line":93,"column":71},"end":{"line":103,"column":5}},"line":93},"8":{"name":"(anonymous_8)","decl":{"start":{"line":116,"column":30},"end":{"line":116,"column":31}},"loc":{"start":{"line":116,"column":42},"end":{"line":116,"column":51}},"line":116},"9":{"name":"generateAggregateScores","decl":{"start":{"line":129,"column":9},"end":{"line":129,"column":null}},"loc":{"start":{"line":132,"column":19},"end":{"line":150,"column":null}},"line":132},"10":{"name":"(anonymous_10)","decl":{"start":{"line":143,"column":18},"end":{"line":143,"column":19}},"loc":{"start":{"line":143,"column":30},"end":{"line":143,"column":54}},"line":143},"11":{"name":"generateMetadata","decl":{"start":{"line":159,"column":9},"end":{"line":159,"column":null}},"loc":{"start":{"line":162,"column":20},"end":{"line":174,"column":null}},"line":162},"12":{"name":"generateSnapshot","decl":{"start":{"line":184,"column":22},"end":{"line":184,"column":null}},"loc":{"start":{"line":188,"column":50},"end":{"line":246,"column":null}},"line":188},"13":{"name":"(anonymous_13)","decl":{"start":{"line":199,"column":42},"end":{"line":199,"column":43}},"loc":{"start":{"line":199,"column":54},"end":{"line":202,"column":6}},"line":199},"14":{"name":"getGeneratorVersion","decl":{"start":{"line":253,"column":16},"end":{"line":253,"column":46}},"loc":{"start":{"line":253,"column":46},"end":{"line":255,"column":null}},"line":253},"15":{"name":"verifyChecksums","decl":{"start":{"line":263,"column":16},"end":{"line":263,"column":32}},"loc":{"start":{"line":263,"column":76},"end":{"line":298,"column":null}},"line":263},"16":{"name":"extractTemplate","decl":{"start":{"line":306,"column":16},"end":{"line":306,"column":null}},"loc":{"start":{"line":308,"column":27},"end":{"line":323,"column":null}},"line":308}},"branchMap":{"0":{"loc":{"start":{"line":48,"column":21},"end":{"line":48,"column":null}},"type":"binary-expr","locations":[{"start":{"line":48,"column":21},"end":{"line":48,"column":50}},{"start":{"line":48,"column":50},"end":{"line":48,"column":null}}],"line":48},"1":{"loc":{"start":{"line":98,"column":8},"end":{"line":101,"column":null}},"type":"binary-expr","locations":[{"start":{"line":98,"column":8},"end":{"line":98,"column":null}},{"start":{"line":99,"column":8},"end":{"line":99,"column":null}},{"start":{"line":100,"column":8},"end":{"line":100,"column":null}},{"start":{"line":101,"column":8},"end":{"line":101,"column":null}}],"line":98},"2":{"loc":{"start":{"line":105,"column":4},"end":{"line":109,"column":null}},"type":"if","locations":[{"start":{"line":105,"column":4},"end":{"line":109,"column":null}},{"start":{},"end":{}}],"line":105},"3":{"loc":{"start":{"line":106,"column":23},"end":{"line":106,"column":null}},"type":"binary-expr","locations":[{"start":{"line":106,"column":23},"end":{"line":106,"column":63}},{"start":{"line":106,"column":63},"end":{"line":106,"column":null}}],"line":106},"4":{"loc":{"start":{"line":133,"column":2},"end":{"line":139,"column":null}},"type":"if","locations":[{"start":{"line":133,"column":2},"end":{"line":139,"column":null}},{"start":{},"end":{}}],"line":133},"5":{"loc":{"start":{"line":164,"column":28},"end":{"line":164,"column":null}},"type":"cond-expr","locations":[{"start":{"line":164,"column":37},"end":{"line":164,"column":65}},{"start":{"line":164,"column":65},"end":{"line":164,"column":null}}],"line":164},"6":{"loc":{"start":{"line":187,"column":2},"end":{"line":187,"column":null}},"type":"default-arg","locations":[{"start":{"line":187,"column":29},"end":{"line":187,"column":null}}],"line":187},"7":{"loc":{"start":{"line":194,"column":2},"end":{"line":203,"column":null}},"type":"if","locations":[{"start":{"line":194,"column":2},"end":{"line":203,"column":null}},{"start":{},"end":{}}],"line":194},"8":{"loc":{"start":{"line":194,"column":6},"end":{"line":194,"column":53}},"type":"binary-expr","locations":[{"start":{"line":194,"column":6},"end":{"line":194,"column":25}},{"start":{"line":194,"column":25},"end":{"line":194,"column":53}}],"line":194},"9":{"loc":{"start":{"line":201,"column":17},"end":{"line":201,"column":null}},"type":"binary-expr","locations":[{"start":{"line":201,"column":17},"end":{"line":201,"column":36}},{"start":{"line":201,"column":23},"end":{"line":201,"column":null}}],"line":201},"10":{"loc":{"start":{"line":206,"column":2},"end":{"line":213,"column":null}},"type":"if","locations":[{"start":{"line":206,"column":2},"end":{"line":213,"column":null}},{"start":{},"end":{}}],"line":206},"11":{"loc":{"start":{"line":208,"column":4},"end":{"line":212,"column":null}},"type":"if","locations":[{"start":{"line":208,"column":4},"end":{"line":212,"column":null}},{"start":{},"end":{}}],"line":208},"12":{"loc":{"start":{"line":225,"column":2},"end":{"line":242,"column":null}},"type":"if","locations":[{"start":{"line":225,"column":2},"end":{"line":242,"column":null}},{"start":{},"end":{}}],"line":225},"13":{"loc":{"start":{"line":232,"column":19},"end":{"line":232,"column":null}},"type":"binary-expr","locations":[{"start":{"line":232,"column":19},"end":{"line":232,"column":64}},{"start":{"line":232,"column":64},"end":{"line":232,"column":null}}],"line":232},"14":{"loc":{"start":{"line":235,"column":21},"end":{"line":235,"column":null}},"type":"binary-expr","locations":[{"start":{"line":235,"column":21},"end":{"line":235,"column":75}},{"start":{"line":235,"column":75},"end":{"line":235,"column":null}}],"line":235},"15":{"loc":{"start":{"line":236,"column":26},"end":{"line":236,"column":null}},"type":"binary-expr","locations":[{"start":{"line":236,"column":26},"end":{"line":236,"column":85}},{"start":{"line":236,"column":85},"end":{"line":236,"column":null}}],"line":236},"16":{"loc":{"start":{"line":240,"column":12},"end":{"line":240,"column":null}},"type":"cond-expr","locations":[{"start":{"line":240,"column":34},"end":{"line":240,"column":52}},{"start":{"line":240,"column":52},"end":{"line":240,"column":null}}],"line":240},"17":{"loc":{"start":{"line":269,"column":2},"end":{"line":278,"column":null}},"type":"if","locations":[{"start":{"line":269,"column":2},"end":{"line":278,"column":null}},{"start":{},"end":{}}],"line":269},"18":{"loc":{"start":{"line":269,"column":6},"end":{"line":269,"column":81}},"type":"binary-expr","locations":[{"start":{"line":269,"column":6},"end":{"line":269,"column":20}},{"start":{"line":269,"column":20},"end":{"line":269,"column":46}},{"start":{"line":269,"column":46},"end":{"line":269,"column":81}}],"line":269},"19":{"loc":{"start":{"line":282,"column":2},"end":{"line":284,"column":null}},"type":"if","locations":[{"start":{"line":282,"column":2},"end":{"line":284,"column":null}},{"start":{},"end":{}}],"line":282},"20":{"loc":{"start":{"line":287,"column":2},"end":{"line":295,"column":null}},"type":"if","locations":[{"start":{"line":287,"column":2},"end":{"line":295,"column":null}},{"start":{},"end":{}}],"line":287},"21":{"loc":{"start":{"line":288,"column":4},"end":{"line":289,"column":null}},"type":"binary-expr","locations":[{"start":{"line":288,"column":4},"end":{"line":288,"column":null}},{"start":{"line":289,"column":4},"end":{"line":289,"column":null}}],"line":288},"22":{"loc":{"start":{"line":292,"column":4},"end":{"line":294,"column":null}},"type":"if","locations":[{"start":{"line":292,"column":4},"end":{"line":294,"column":null}},{"start":{},"end":{}}],"line":292},"23":{"loc":{"start":{"line":312,"column":2},"end":{"line":320,"column":null}},"type":"if","locations":[{"start":{"line":312,"column":2},"end":{"line":320,"column":null}},{"start":{},"end":{}}],"line":312}},"s":{"0":2,"1":117,"2":117,"3":16,"4":16,"5":26,"6":26,"7":26,"8":16,"9":16,"10":24,"11":24,"12":26,"13":24,"14":26,"15":24,"16":26,"17":24,"18":26,"19":24,"20":16,"21":16,"22":16,"23":26,"24":34,"25":34,"26":34,"27":34,"28":26,"29":26,"30":26,"31":26,"32":16,"33":16,"34":18,"35":26,"36":16,"37":16,"38":0,"39":16,"40":26,"41":16,"42":33,"43":33,"44":33,"45":36,"46":36,"47":36,"48":36,"49":16,"50":16,"51":16,"52":26,"53":34,"54":33,"55":33,"56":1,"57":33,"58":33,"59":33,"60":16,"61":16,"62":33,"63":2,"64":24,"65":24,"66":21,"67":24,"68":24,"69":1,"70":23,"71":4,"72":4,"73":1,"74":22,"75":2,"76":2,"77":2,"78":2},"f":{"0":117,"1":16,"2":26,"3":26,"4":26,"5":26,"6":16,"7":34,"8":26,"9":16,"10":26,"11":33,"12":36,"13":26,"14":2,"15":24,"16":2},"b":{"0":[26,24],"1":[34,16,8,8],"2":[26,0],"3":[26,18],"4":[0,16],"5":[33,0],"6":[36],"7":[16,20],"8":[36,16],"9":[26,0],"10":[33,1],"11":[1,32],"12":[16,17],"13":[16,8],"14":[16,8],"15":[16,8],"16":[5,11],"17":[21,3],"18":[24,23,23],"19":[1,23],"20":[4,19],"21":[23,4],"22":[1,3],"23":[2,0]},"meta":{"lastBranch":24,"lastFunction":17,"lastStatement":79,"seen":{"s:24:26:24:Infinity":0,"f:32:16:32:34":0,"s:33:8:33:Infinity":1,"s:34:2:34:Infinity":2,"f:43:9:43:26":1,"s:44:19:44:Infinity":3,"s:47:2:51:Infinity":4,"s:48:21:48:Infinity":5,"b:48:21:48:50:48:50:48:Infinity":0,"s:49:4:49:Infinity":6,"s:50:4:50:Infinity":7,"s:54:46:54:Infinity":8,"s:55:2:72:Infinity":9,"s:56:22:56:Infinity":10,"s:57:27:57:Infinity":11,"f:57:46:57:47":2,"s:57:53:57:68":12,"s:59:6:59:Infinity":13,"f:59:25:59:26":3,"s:59:37:59:61":14,"s:61:6:61:Infinity":15,"f:61:25:61:26":4,"s:61:37:61:65":16,"s:63:6:63:Infinity":17,"f:63:25:63:26":5,"s:63:37:63:68":18,"s:65:4:71:Infinity":19,"s:74:2:74:Infinity":20,"f:84:9:84:Infinity":6,"s:89:24:89:Infinity":21,"s:91:2:110:Infinity":22,"s:93:30:103:Infinity":23,"f:93:62:93:63":7,"s:94:28:94:Infinity":24,"s:95:33:95:Infinity":25,"s:96:30:96:Infinity":26,"s:97:6:101:Infinity":27,"b:98:8:98:Infinity:99:8:99:Infinity:100:8:100:Infinity:101:8:101:Infinity":1,"b:105:4:109:Infinity:undefined:undefined:undefined:undefined":2,"s:105:4:109:Infinity":28,"s:106:23:106:Infinity":29,"b:106:23:106:63:106:63:106:Infinity":3,"s:107:6:107:Infinity":30,"s:108:6:108:Infinity":31,"s:113:41:113:Infinity":32,"s:114:2:117:Infinity":33,"s:115:4:116:Infinity":34,"f:116:30:116:31":8,"s:116:42:116:51":35,"s:119:2:119:Infinity":36,"f:129:9:129:Infinity":9,"b:133:2:139:Infinity:undefined:undefined:undefined:undefined":4,"s:133:2:139:Infinity":37,"s:134:4:138:Infinity":38,"s:143:4:143:Infinity":39,"f:143:18:143:19":10,"s:143:30:143:54":40,"s:145:2:149:Infinity":41,"f:159:9:159:Infinity":11,"s:163:27:163:Infinity":42,"s:164:28:164:Infinity":43,"b:164:37:164:65:164:65:164:Infinity":5,"s:166:2:173:Infinity":44,"f:184:22:184:Infinity":12,"b:187:29:187:Infinity":6,"s:190:8:190:Infinity":45,"s:191:2:191:Infinity":46,"s:193:43:193:Infinity":47,"b:194:2:203:Infinity:undefined:undefined:undefined:undefined":7,"s:194:2:203:Infinity":48,"b:194:6:194:25:194:25:194:53":8,"s:195:4:195:Infinity":49,"s:196:4:196:Infinity":50,"s:199:4:202:Infinity":51,"f:199:42:199:43":13,"s:199:54:202:6":52,"b:201:17:201:36:201:23:201:Infinity":9,"b:206:2:213:Infinity:undefined:undefined:undefined:undefined":10,"s:206:2:213:Infinity":53,"s:207:10:207:Infinity":54,"b:208:4:212:Infinity:undefined:undefined:undefined:undefined":11,"s:208:4:212:Infinity":55,"s:209:6:211:Infinity":56,"s:216:19:216:Infinity":57,"s:219:44:222:Infinity":58,"b:225:2:242:Infinity:undefined:undefined:undefined:undefined":12,"s:225:2:242:Infinity":59,"s:226:28:229:Infinity":60,"s:231:4:241:Infinity":61,"b:232:19:232:64:232:64:232:Infinity":13,"b:235:21:235:75:235:75:235:Infinity":14,"b:236:26:236:85:236:85:236:Infinity":15,"b:240:34:240:52:240:52:240:Infinity":16,"s:245:2:245:Infinity":62,"f:253:16:253:46":14,"s:254:2:254:Infinity":63,"f:263:16:263:32":15,"s:265:61:265:Infinity":64,"b:269:2:278:Infinity:undefined:undefined:undefined:undefined":17,"s:269:2:278:Infinity":65,"b:269:6:269:20:269:20:269:46:269:46:269:81":18,"s:270:5:277:Infinity":66,"s:281:37:281:Infinity":67,"b:282:2:284:Infinity:undefined:undefined:undefined:undefined":19,"s:282:2:284:Infinity":68,"s:283:4:283:Infinity":69,"b:287:2:295:Infinity:undefined:undefined:undefined:undefined":20,"s:287:2:295:Infinity":70,"b:288:4:288:Infinity:289:4:289:Infinity":21,"s:291:40:291:Infinity":71,"b:292:4:294:Infinity:undefined:undefined:undefined:undefined":22,"s:292:4:294:Infinity":72,"s:293:6:293:Infinity":73,"s:297:2:297:Infinity":74,"f:306:16:306:Infinity":16,"s:309:57:309:Infinity":75,"b:312:2:320:Infinity:undefined:undefined:undefined:undefined":23,"s:312:2:320:Infinity":76,"s:313:5:319:Infinity":77,"s:322:2:322:Infinity":78}}}
,"/Users/zackarychapple/code/figma-research-clean/specialist_work/packages/snapshot-generator/src/immutability.ts": {"path":"/Users/zackarychapple/code/figma-research-clean/specialist_work/packages/snapshot-generator/src/immutability.ts","statementMap":{"0":{"start":{"line":13,"column":2},"end":{"line":15,"column":null}},"1":{"start":{"line":14,"column":4},"end":{"line":14,"column":null}},"2":{"start":{"line":18,"column":2},"end":{"line":20,"column":null}},"3":{"start":{"line":19,"column":4},"end":{"line":19,"column":null}},"4":{"start":{"line":23,"column":2},"end":{"line":23,"column":null}},"5":{"start":{"line":26,"column":2},"end":{"line":26,"column":null}},"6":{"start":{"line":29,"column":2},"end":{"line":36,"column":null}},"7":{"start":{"line":30,"column":19},"end":{"line":30,"column":null}},"8":{"start":{"line":33,"column":4},"end":{"line":35,"column":null}},"9":{"start":{"line":34,"column":6},"end":{"line":34,"column":null}},"10":{"start":{"line":39,"column":2},"end":{"line":45,"column":null}},"11":{"start":{"line":40,"column":19},"end":{"line":40,"column":null}},"12":{"start":{"line":42,"column":4},"end":{"line":44,"column":null}},"13":{"start":{"line":43,"column":6},"end":{"line":43,"column":null}},"14":{"start":{"line":47,"column":2},"end":{"line":47,"column":null}},"15":{"start":{"line":64,"column":2},"end":{"line":66,"column":null}},"16":{"start":{"line":65,"column":4},"end":{"line":65,"column":null}},"17":{"start":{"line":69,"column":2},"end":{"line":71,"column":null}},"18":{"start":{"line":70,"column":4},"end":{"line":70,"column":null}},"19":{"start":{"line":73,"column":2},"end":{"line":73,"column":null}},"20":{"start":{"line":76,"column":2},"end":{"line":80,"column":null}},"21":{"start":{"line":77,"column":4},"end":{"line":79,"column":null}},"22":{"start":{"line":83,"column":2},"end":{"line":90,"column":null}},"23":{"start":{"line":84,"column":18},"end":{"line":84,"column":null}},"24":{"start":{"line":85,"column":24},"end":{"line":85,"column":null}},"25":{"start":{"line":87,"column":4},"end":{"line":89,"column":null}},"26":{"start":{"line":88,"column":6},"end":{"line":88,"column":null}},"27":{"start":{"line":93,"column":2},"end":{"line":100,"column":null}},"28":{"start":{"line":94,"column":18},"end":{"line":94,"column":null}},"29":{"start":{"line":95,"column":24},"end":{"line":95,"column":null}},"30":{"start":{"line":97,"column":4},"end":{"line":99,"column":null}},"31":{"start":{"line":98,"column":6},"end":{"line":98,"column":null}},"32":{"start":{"line":102,"column":2},"end":{"line":102,"column":null}},"33":{"start":{"line":113,"column":2},"end":{"line":115,"column":null}},"34":{"start":{"line":114,"column":4},"end":{"line":114,"column":null}},"35":{"start":{"line":117,"column":2},"end":{"line":156,"column":null}},"36":{"start":{"line":119,"column":20},"end":{"line":119,"column":null}},"37":{"start":{"line":120,"column":5},"end":{"line":120,"column":null}},"38":{"start":{"line":123,"column":4},"end":{"line":125,"column":null}},"39":{"start":{"line":124,"column":6},"end":{"line":124,"column":null}},"40":{"start":{"line":128,"column":17},"end":{"line":128,"column":null}},"41":{"start":{"line":129,"column":4},"end":{"line":138,"column":null}},"42":{"start":{"line":130,"column":23},"end":{"line":130,"column":null}},"43":{"start":{"line":131,"column":29},"end":{"line":131,"column":null}},"44":{"start":{"line":132,"column":7},"end":{"line":132,"column":null}},"45":{"start":{"line":135,"column":6},"end":{"line":137,"column":null}},"46":{"start":{"line":136,"column":8},"end":{"line":136,"column":null}},"47":{"start":{"line":141,"column":4},"end":{"line":149,"column":null}},"48":{"start":{"line":142,"column":23},"end":{"line":142,"column":null}},"49":{"start":{"line":143,"column":6},"end":{"line":143,"column":null}},"50":{"start":{"line":146,"column":6},"end":{"line":148,"column":null}},"51":{"start":{"line":147,"column":8},"end":{"line":147,"column":null}},"52":{"start":{"line":152,"column":4},"end":{"line":152,"column":null}},"53":{"start":{"line":155,"column":4},"end":{"line":155,"column":null}},"54":{"start":{"line":168,"column":2},"end":{"line":170,"column":null}},"55":{"start":{"line":169,"column":4},"end":{"line":169,"column":null}},"56":{"start":{"line":173,"column":2},"end":{"line":175,"column":null}},"57":{"start":{"line":174,"column":4},"end":{"line":174,"column":null}},"58":{"start":{"line":178,"column":2},"end":{"line":181,"column":null}},"59":{"start":{"line":179,"column":19},"end":{"line":179,"column":null}},"60":{"start":{"line":179,"column":37},"end":{"line":179,"column":57}},"61":{"start":{"line":180,"column":4},"end":{"line":180,"column":null}},"62":{"start":{"line":184,"column":22},"end":{"line":184,"column":null}},"63":{"start":{"line":185,"column":2},"end":{"line":187,"column":null}},"64":{"start":{"line":186,"column":4},"end":{"line":186,"column":null}},"65":{"start":{"line":189,"column":2},"end":{"line":189,"column":null}},"66":{"start":{"line":199,"column":2},"end":{"line":201,"column":null}},"67":{"start":{"line":200,"column":4},"end":{"line":200,"column":null}},"68":{"start":{"line":202,"column":2},"end":{"line":202,"column":null}},"69":{"start":{"line":213,"column":2},"end":{"line":215,"column":null}},"70":{"start":{"line":214,"column":4},"end":{"line":214,"column":null}},"71":{"start":{"line":217,"column":2},"end":{"line":219,"column":null}},"72":{"start":{"line":218,"column":4},"end":{"line":218,"column":null}},"73":{"start":{"line":221,"column":2},"end":{"line":221,"column":null}},"74":{"start":{"line":223,"column":2},"end":{"line":225,"column":null}},"75":{"start":{"line":224,"column":4},"end":{"line":224,"column":null}},"76":{"start":{"line":228,"column":2},"end":{"line":235,"column":null}},"77":{"start":{"line":229,"column":18},"end":{"line":229,"column":null}},"78":{"start":{"line":230,"column":4},"end":{"line":234,"column":null}},"79":{"start":{"line":231,"column":6},"end":{"line":233,"column":null}},"80":{"start":{"line":232,"column":8},"end":{"line":232,"column":null}},"81":{"start":{"line":238,"column":2},"end":{"line":245,"column":null}},"82":{"start":{"line":239,"column":18},"end":{"line":239,"column":null}},"83":{"start":{"line":240,"column":4},"end":{"line":244,"column":null}},"84":{"start":{"line":241,"column":6},"end":{"line":243,"column":null}},"85":{"start":{"line":242,"column":8},"end":{"line":242,"column":null}},"86":{"start":{"line":247,"column":2},"end":{"line":247,"column":null}}},"fnMap":{"0":{"name":"deepFreeze","decl":{"start":{"line":11,"column":16},"end":{"line":11,"column":30}},"loc":{"start":{"line":11,"column":85},"end":{"line":48,"column":null}},"line":11},"1":{"name":"(anonymous_1)","decl":{"start":{"line":29,"column":42},"end":{"line":29,"column":43}},"loc":{"start":{"line":29,"column":52},"end":{"line":36,"column":3}},"line":29},"2":{"name":"(anonymous_2)","decl":{"start":{"line":39,"column":44},"end":{"line":39,"column":45}},"loc":{"start":{"line":39,"column":53},"end":{"line":45,"column":3}},"line":39},"3":{"name":"verifyImmutability","decl":{"start":{"line":58,"column":16},"end":{"line":58,"column":null}},"loc":{"start":{"line":62,"column":11},"end":{"line":103,"column":null}},"line":62},"4":{"name":"(anonymous_4)","decl":{"start":{"line":83,"column":42},"end":{"line":83,"column":43}},"loc":{"start":{"line":83,"column":52},"end":{"line":90,"column":3}},"line":83},"5":{"name":"(anonymous_5)","decl":{"start":{"line":93,"column":44},"end":{"line":93,"column":45}},"loc":{"start":{"line":93,"column":53},"end":{"line":100,"column":3}},"line":93},"6":{"name":"testImmutability","decl":{"start":{"line":112,"column":16},"end":{"line":112,"column":33}},"loc":{"start":{"line":112,"column":52},"end":{"line":157,"column":null}},"line":112},"7":{"name":"cloneAndFreeze","decl":{"start":{"line":166,"column":16},"end":{"line":166,"column":34}},"loc":{"start":{"line":166,"column":59},"end":{"line":190,"column":null}},"line":166},"8":{"name":"(anonymous_8)","decl":{"start":{"line":179,"column":27},"end":{"line":179,"column":28}},"loc":{"start":{"line":179,"column":37},"end":{"line":179,"column":57}},"line":179},"9":{"name":"isFrozen","decl":{"start":{"line":198,"column":16},"end":{"line":198,"column":25}},"loc":{"start":{"line":198,"column":44},"end":{"line":203,"column":null}},"line":198},"10":{"name":"isDeeplyFrozen","decl":{"start":{"line":212,"column":16},"end":{"line":212,"column":31}},"loc":{"start":{"line":212,"column":80},"end":{"line":248,"column":null}},"line":212}},"branchMap":{"0":{"loc":{"start":{"line":11,"column":38},"end":{"line":11,"column":85}},"type":"default-arg","locations":[{"start":{"line":11,"column":48},"end":{"line":11,"column":85}}],"line":11},"1":{"loc":{"start":{"line":13,"column":2},"end":{"line":15,"column":null}},"type":"if","locations":[{"start":{"line":13,"column":2},"end":{"line":15,"column":null}},{"start":{},"end":{}}],"line":13},"2":{"loc":{"start":{"line":13,"column":6},"end":{"line":13,"column":47}},"type":"binary-expr","locations":[{"start":{"line":13,"column":6},"end":{"line":13,"column":22}},{"start":{"line":13,"column":22},"end":{"line":13,"column":47}}],"line":13},"3":{"loc":{"start":{"line":18,"column":2},"end":{"line":20,"column":null}},"type":"if","locations":[{"start":{"line":18,"column":2},"end":{"line":20,"column":null}},{"start":{},"end":{}}],"line":18},"4":{"loc":{"start":{"line":33,"column":4},"end":{"line":35,"column":null}},"type":"if","locations":[{"start":{"line":33,"column":4},"end":{"line":35,"column":null}},{"start":{},"end":{}}],"line":33},"5":{"loc":{"start":{"line":33,"column":8},"end":{"line":33,"column":71}},"type":"binary-expr","locations":[{"start":{"line":33,"column":8},"end":{"line":33,"column":17}},{"start":{"line":33,"column":17},"end":{"line":33,"column":46}},{"start":{"line":33,"column":46},"end":{"line":33,"column":71}}],"line":33},"6":{"loc":{"start":{"line":42,"column":4},"end":{"line":44,"column":null}},"type":"if","locations":[{"start":{"line":42,"column":4},"end":{"line":44,"column":null}},{"start":{},"end":{}}],"line":42},"7":{"loc":{"start":{"line":42,"column":8},"end":{"line":42,"column":71}},"type":"binary-expr","locations":[{"start":{"line":42,"column":8},"end":{"line":42,"column":17}},{"start":{"line":42,"column":17},"end":{"line":42,"column":46}},{"start":{"line":42,"column":46},"end":{"line":42,"column":71}}],"line":42},"8":{"loc":{"start":{"line":60,"column":2},"end":{"line":60,"column":null}},"type":"default-arg","locations":[{"start":{"line":60,"column":17},"end":{"line":60,"column":null}}],"line":60},"9":{"loc":{"start":{"line":61,"column":2},"end":{"line":61,"column":null}},"type":"default-arg","locations":[{"start":{"line":61,"column":12},"end":{"line":61,"column":null}}],"line":61},"10":{"loc":{"start":{"line":64,"column":2},"end":{"line":66,"column":null}},"type":"if","locations":[{"start":{"line":64,"column":2},"end":{"line":66,"column":null}},{"start":{},"end":{}}],"line":64},"11":{"loc":{"start":{"line":64,"column":6},"end":{"line":64,"column":47}},"type":"binary-expr","locations":[{"start":{"line":64,"column":6},"end":{"line":64,"column":22}},{"start":{"line":64,"column":22},"end":{"line":64,"column":47}}],"line":64},"12":{"loc":{"start":{"line":69,"column":2},"end":{"line":71,"column":null}},"type":"if","locations":[{"start":{"line":69,"column":2},"end":{"line":71,"column":null}},{"start":{},"end":{}}],"line":69},"13":{"loc":{"start":{"line":76,"column":2},"end":{"line":80,"column":null}},"type":"if","locations":[{"start":{"line":76,"column":2},"end":{"line":80,"column":null}},{"start":{},"end":{}}],"line":76},"14":{"loc":{"start":{"line":87,"column":4},"end":{"line":89,"column":null}},"type":"if","locations":[{"start":{"line":87,"column":4},"end":{"line":89,"column":null}},{"start":{},"end":{}}],"line":87},"15":{"loc":{"start":{"line":87,"column":8},"end":{"line":87,"column":44}},"type":"binary-expr","locations":[{"start":{"line":87,"column":8},"end":{"line":87,"column":17}},{"start":{"line":87,"column":17},"end":{"line":87,"column":44}}],"line":87},"16":{"loc":{"start":{"line":97,"column":4},"end":{"line":99,"column":null}},"type":"if","locations":[{"start":{"line":97,"column":4},"end":{"line":99,"column":null}},{"start":{},"end":{}}],"line":97},"17":{"loc":{"start":{"line":97,"column":8},"end":{"line":97,"column":44}},"type":"binary-expr","locations":[{"start":{"line":97,"column":8},"end":{"line":97,"column":17}},{"start":{"line":97,"column":17},"end":{"line":97,"column":44}}],"line":97},"18":{"loc":{"start":{"line":113,"column":2},"end":{"line":115,"column":null}},"type":"if","locations":[{"start":{"line":113,"column":2},"end":{"line":115,"column":null}},{"start":{},"end":{}}],"line":113},"19":{"loc":{"start":{"line":113,"column":6},"end":{"line":113,"column":47}},"type":"binary-expr","locations":[{"start":{"line":113,"column":6},"end":{"line":113,"column":22}},{"start":{"line":113,"column":22},"end":{"line":113,"column":47}}],"line":113},"20":{"loc":{"start":{"line":123,"column":4},"end":{"line":125,"column":null}},"type":"if","locations":[{"start":{"line":123,"column":4},"end":{"line":125,"column":null}},{"start":{},"end":{}}],"line":123},"21":{"loc":{"start":{"line":129,"column":4},"end":{"line":138,"column":null}},"type":"if","locations":[{"start":{"line":129,"column":4},"end":{"line":138,"column":null}},{"start":{},"end":{}}],"line":129},"22":{"loc":{"start":{"line":135,"column":6},"end":{"line":137,"column":null}},"type":"if","locations":[{"start":{"line":135,"column":6},"end":{"line":137,"column":null}},{"start":{},"end":{}}],"line":135},"23":{"loc":{"start":{"line":141,"column":4},"end":{"line":149,"column":null}},"type":"if","locations":[{"start":{"line":141,"column":4},"end":{"line":149,"column":null}},{"start":{},"end":{}}],"line":141},"24":{"loc":{"start":{"line":146,"column":6},"end":{"line":148,"column":null}},"type":"if","locations":[{"start":{"line":146,"column":6},"end":{"line":148,"column":null}},{"start":{},"end":{}}],"line":146},"25":{"loc":{"start":{"line":168,"column":2},"end":{"line":170,"column":null}},"type":"if","locations":[{"start":{"line":168,"column":2},"end":{"line":170,"column":null}},{"start":{},"end":{}}],"line":168},"26":{"loc":{"start":{"line":168,"column":6},"end":{"line":168,"column":47}},"type":"binary-expr","locations":[{"start":{"line":168,"column":6},"end":{"line":168,"column":22}},{"start":{"line":168,"column":22},"end":{"line":168,"column":47}}],"line":168},"27":{"loc":{"start":{"line":173,"column":2},"end":{"line":175,"column":null}},"type":"if","locations":[{"start":{"line":173,"column":2},"end":{"line":175,"column":null}},{"start":{},"end":{}}],"line":173},"28":{"loc":{"start":{"line":178,"column":2},"end":{"line":181,"column":null}},"type":"if","locations":[{"start":{"line":178,"column":2},"end":{"line":181,"column":null}},{"start":{},"end":{}}],"line":178},"29":{"loc":{"start":{"line":199,"column":2},"end":{"line":201,"column":null}},"type":"if","locations":[{"start":{"line":199,"column":2},"end":{"line":201,"column":null}},{"start":{},"end":{}}],"line":199},"30":{"loc":{"start":{"line":199,"column":6},"end":{"line":199,"column":47}},"type":"binary-expr","locations":[{"start":{"line":199,"column":6},"end":{"line":199,"column":22}},{"start":{"line":199,"column":22},"end":{"line":199,"column":47}}],"line":199},"31":{"loc":{"start":{"line":212,"column":41},"end":{"line":212,"column":80}},"type":"default-arg","locations":[{"start":{"line":212,"column":51},"end":{"line":212,"column":80}}],"line":212},"32":{"loc":{"start":{"line":213,"column":2},"end":{"line":215,"column":null}},"type":"if","locations":[{"start":{"line":213,"column":2},"end":{"line":215,"column":null}},{"start":{},"end":{}}],"line":213},"33":{"loc":{"start":{"line":213,"column":6},"end":{"line":213,"column":47}},"type":"binary-expr","locations":[{"start":{"line":213,"column":6},"end":{"line":213,"column":22}},{"start":{"line":213,"column":22},"end":{"line":213,"column":47}}],"line":213},"34":{"loc":{"start":{"line":217,"column":2},"end":{"line":219,"column":null}},"type":"if","locations":[{"start":{"line":217,"column":2},"end":{"line":219,"column":null}},{"start":{},"end":{}}],"line":217},"35":{"loc":{"start":{"line":223,"column":2},"end":{"line":225,"column":null}},"type":"if","locations":[{"start":{"line":223,"column":2},"end":{"line":225,"column":null}},{"start":{},"end":{}}],"line":223},"36":{"loc":{"start":{"line":230,"column":4},"end":{"line":234,"column":null}},"type":"if","locations":[{"start":{"line":230,"column":4},"end":{"line":234,"column":null}},{"start":{},"end":{}}],"line":230},"37":{"loc":{"start":{"line":230,"column":8},"end":{"line":230,"column":44}},"type":"binary-expr","locations":[{"start":{"line":230,"column":8},"end":{"line":230,"column":17}},{"start":{"line":230,"column":17},"end":{"line":230,"column":44}}],"line":230},"38":{"loc":{"start":{"line":231,"column":6},"end":{"line":233,"column":null}},"type":"if","locations":[{"start":{"line":231,"column":6},"end":{"line":233,"column":null}},{"start":{},"end":{}}],"line":231},"39":{"loc":{"start":{"line":240,"column":4},"end":{"line":244,"column":null}},"type":"if","locations":[{"start":{"line":240,"column":4},"end":{"line":244,"column":null}},{"start":{},"end":{}}],"line":240},"40":{"loc":{"start":{"line":240,"column":8},"end":{"line":240,"column":44}},"type":"binary-expr","locations":[{"start":{"line":240,"column":8},"end":{"line":240,"column":17}},{"start":{"line":240,"column":17},"end":{"line":240,"column":44}}],"line":240},"41":{"loc":{"start":{"line":241,"column":6},"end":{"line":243,"column":null}},"type":"if","locations":[{"start":{"line":241,"column":6},"end":{"line":243,"column":null}},{"start":{},"end":{}}],"line":241}},"s":{"0":1160,"1":0,"2":1160,"3":0,"4":1160,"5":1160,"6":1160,"7":3552,"8":3552,"9":1102,"10":1160,"11":0,"12":0,"13":0,"14":1160,"15":132,"16":0,"17":132,"18":1,"19":131,"20":131,"21":2,"22":129,"23":404,"24":404,"25":404,"26":124,"27":129,"28":0,"29":0,"30":0,"31":0,"32":129,"33":5,"34":3,"35":2,"36":2,"37":2,"38":2,"39":1,"40":0,"41":0,"42":0,"43":0,"44":0,"45":0,"46":0,"47":0,"48":0,"49":0,"50":0,"51":0,"52":0,"53":1,"54":13,"55":7,"56":6,"57":1,"58":5,"59":1,"60":3,"61":1,"62":4,"63":4,"64":6,"65":4,"66":5,"67":3,"68":2,"69":511,"70":0,"71":511,"72":1,"73":510,"74":510,"75":1,"76":509,"77":1564,"78":1564,"79":489,"80":1,"81":508,"82":0,"83":0,"84":0,"85":0,"86":508},"f":{"0":1160,"1":3552,"2":0,"3":132,"4":404,"5":0,"6":5,"7":13,"8":3,"9":5,"10":511},"b":{"0":[1160],"1":[0,1160],"2":[1160,1160],"3":[0,1160],"4":[1102,2450],"5":[3552,3531,1107],"6":[0,0],"7":[0,0,0],"8":[132],"9":[132],"10":[0,132],"11":[132,132],"12":[1,131],"13":[2,129],"14":[124,280],"15":[404,404],"16":[0,0],"17":[0,0],"18":[3,2],"19":[5,4],"20":[1,1],"21":[0,0],"22":[0,0],"23":[0,0],"24":[0,0],"25":[7,6],"26":[13,13],"27":[1,5],"28":[1,4],"29":[3,2],"30":[5,4],"31":[511],"32":[0,511],"33":[511,511],"34":[1,510],"35":[1,509],"36":[489,1075],"37":[1564,1562],"38":[1,488],"39":[0,0],"40":[0,0],"41":[0,0]},"meta":{"lastBranch":42,"lastFunction":11,"lastStatement":87,"seen":{"f:11:16:11:30":0,"b:11:48:11:85":0,"b:13:2:15:Infinity:undefined:undefined:undefined:undefined":1,"s:13:2:15:Infinity":0,"b:13:6:13:22:13:22:13:47":2,"s:14:4:14:Infinity":1,"b:18:2:20:Infinity:undefined:undefined:undefined:undefined":3,"s:18:2:20:Infinity":2,"s:19:4:19:Infinity":3,"s:23:2:23:Infinity":4,"s:26:2:26:Infinity":5,"s:29:2:36:Infinity":6,"f:29:42:29:43":1,"s:30:19:30:Infinity":7,"b:33:4:35:Infinity:undefined:undefined:undefined:undefined":4,"s:33:4:35:Infinity":8,"b:33:8:33:17:33:17:33:46:33:46:33:71":5,"s:34:6:34:Infinity":9,"s:39:2:45:Infinity":10,"f:39:44:39:45":2,"s:40:19:40:Infinity":11,"b:42:4:44:Infinity:undefined:undefined:undefined:undefined":6,"s:42:4:44:Infinity":12,"b:42:8:42:17:42:17:42:46:42:46:42:71":7,"s:43:6:43:Infinity":13,"s:47:2:47:Infinity":14,"f:58:16:58:Infinity":3,"b:60:17:60:Infinity":8,"b:61:12:61:Infinity":9,"b:64:2:66:Infinity:undefined:undefined:undefined:undefined":10,"s:64:2:66:Infinity":15,"b:64:6:64:22:64:22:64:47":11,"s:65:4:65:Infinity":16,"b:69:2:71:Infinity:undefined:undefined:undefined:undefined":12,"s:69:2:71:Infinity":17,"s:70:4:70:Infinity":18,"s:73:2:73:Infinity":19,"b:76:2:80:Infinity:undefined:undefined:undefined:undefined":13,"s:76:2:80:Infinity":20,"s:77:4:79:Infinity":21,"s:83:2:90:Infinity":22,"f:83:42:83:43":4,"s:84:18:84:Infinity":23,"s:85:24:85:Infinity":24,"b:87:4:89:Infinity:undefined:undefined:undefined:undefined":14,"s:87:4:89:Infinity":25,"b:87:8:87:17:87:17:87:44":15,"s:88:6:88:Infinity":26,"s:93:2:100:Infinity":27,"f:93:44:93:45":5,"s:94:18:94:Infinity":28,"s:95:24:95:Infinity":29,"b:97:4:99:Infinity:undefined:undefined:undefined:undefined":16,"s:97:4:99:Infinity":30,"b:97:8:97:17:97:17:97:44":17,"s:98:6:98:Infinity":31,"s:102:2:102:Infinity":32,"f:112:16:112:33":6,"b:113:2:115:Infinity:undefined:undefined:undefined:undefined":18,"s:113:2:115:Infinity":33,"b:113:6:113:22:113:22:113:47":19,"s:114:4:114:Infinity":34,"s:117:2:156:Infinity":35,"s:119:20:119:Infinity":36,"s:120:5:120:Infinity":37,"b:123:4:125:Infinity:undefined:undefined:undefined:undefined":20,"s:123:4:125:Infinity":38,"s:124:6:124:Infinity":39,"s:128:17:128:Infinity":40,"b:129:4:138:Infinity:undefined:undefined:undefined:undefined":21,"s:129:4:138:Infinity":41,"s:130:23:130:Infinity":42,"s:131:29:131:Infinity":43,"s:132:7:132:Infinity":44,"b:135:6:137:Infinity:undefined:undefined:undefined:undefined":22,"s:135:6:137:Infinity":45,"s:136:8:136:Infinity":46,"b:141:4:149:Infinity:undefined:undefined:undefined:undefined":23,"s:141:4:149:Infinity":47,"s:142:23:142:Infinity":48,"s:143:6:143:Infinity":49,"b:146:6:148:Infinity:undefined:undefined:undefined:undefined":24,"s:146:6:148:Infinity":50,"s:147:8:147:Infinity":51,"s:152:4:152:Infinity":52,"s:155:4:155:Infinity":53,"f:166:16:166:34":7,"b:168:2:170:Infinity:undefined:undefined:undefined:undefined":25,"s:168:2:170:Infinity":54,"b:168:6:168:22:168:22:168:47":26,"s:169:4:169:Infinity":55,"b:173:2:175:Infinity:undefined:undefined:undefined:undefined":27,"s:173:2:175:Infinity":56,"s:174:4:174:Infinity":57,"b:178:2:181:Infinity:undefined:undefined:undefined:undefined":28,"s:178:2:181:Infinity":58,"s:179:19:179:Infinity":59,"f:179:27:179:28":8,"s:179:37:179:57":60,"s:180:4:180:Infinity":61,"s:184:22:184:Infinity":62,"s:185:2:187:Infinity":63,"s:186:4:186:Infinity":64,"s:189:2:189:Infinity":65,"f:198:16:198:25":9,"b:199:2:201:Infinity:undefined:undefined:undefined:undefined":29,"s:199:2:201:Infinity":66,"b:199:6:199:22:199:22:199:47":30,"s:200:4:200:Infinity":67,"s:202:2:202:Infinity":68,"f:212:16:212:31":10,"b:212:51:212:80":31,"b:213:2:215:Infinity:undefined:undefined:undefined:undefined":32,"s:213:2:215:Infinity":69,"b:213:6:213:22:213:22:213:47":33,"s:214:4:214:Infinity":70,"b:217:2:219:Infinity:undefined:undefined:undefined:undefined":34,"s:217:2:219:Infinity":71,"s:218:4:218:Infinity":72,"s:221:2:221:Infinity":73,"b:223:2:225:Infinity:undefined:undefined:undefined:undefined":35,"s:223:2:225:Infinity":74,"s:224:4:224:Infinity":75,"s:228:2:235:Infinity":76,"s:229:18:229:Infinity":77,"b:230:4:234:Infinity:undefined:undefined:undefined:undefined":36,"s:230:4:234:Infinity":78,"b:230:8:230:17:230:17:230:44":37,"b:231:6:233:Infinity:undefined:undefined:undefined:undefined":38,"s:231:6:233:Infinity":79,"s:232:8:232:Infinity":80,"s:238:2:245:Infinity":81,"s:239:18:239:Infinity":82,"b:240:4:244:Infinity:undefined:undefined:undefined:undefined":39,"s:240:4:244:Infinity":83,"b:240:8:240:17:240:17:240:44":40,"b:241:6:243:Infinity:undefined:undefined:undefined:undefined":41,"s:241:6:243:Infinity":84,"s:242:8:242:Infinity":85,"s:247:2:247:Infinity":86}}}
,"/Users/zackarychapple/code/figma-research-clean/specialist_work/packages/snapshot-generator/src/index.ts": {"path":"/Users/zackarychapple/code/figma-research-clean/specialist_work/packages/snapshot-generator/src/index.ts","statementMap":{},"fnMap":{},"branchMap":{},"s":{},"f":{},"b":{},"meta":{"lastBranch":0,"lastFunction":0,"lastStatement":0,"seen":{}}}
,"/Users/zackarychapple/code/figma-research-clean/specialist_work/packages/snapshot-generator/src/storage.ts": {"path":"/Users/zackarychapple/code/figma-research-clean/specialist_work/packages/snapshot-generator/src/storage.ts","statementMap":{"0":{"start":{"line":17,"column":6},"end":{"line":17,"column":null}},"1":{"start":{"line":18,"column":6},"end":{"line":18,"column":null}},"2":{"start":{"line":19,"column":6},"end":{"line":19,"column":null}},"3":{"start":{"line":20,"column":6},"end":{"line":20,"column":null}},"4":{"start":{"line":21,"column":6},"end":{"line":21,"column":null}},"5":{"start":{"line":22,"column":6},"end":{"line":22,"column":null}},"6":{"start":{"line":23,"column":6},"end":{"line":23,"column":null}},"7":{"start":{"line":24,"column":6},"end":{"line":24,"column":null}},"8":{"start":{"line":32,"column":2},"end":{"line":36,"column":null}},"9":{"start":{"line":33,"column":4},"end":{"line":33,"column":null}},"10":{"start":{"line":35,"column":4},"end":{"line":35,"column":null}},"11":{"start":{"line":46,"column":19},"end":{"line":46,"column":null}},"12":{"start":{"line":48,"column":2},"end":{"line":62,"column":null}},"13":{"start":{"line":50,"column":4},"end":{"line":50,"column":null}},"14":{"start":{"line":53,"column":4},"end":{"line":53,"column":null}},"15":{"start":{"line":56,"column":4},"end":{"line":60,"column":null}},"16":{"start":{"line":57,"column":6},"end":{"line":57,"column":null}},"17":{"start":{"line":61,"column":4},"end":{"line":61,"column":null}},"18":{"start":{"line":72,"column":2},"end":{"line":72,"column":null}},"19":{"start":{"line":85,"column":2},"end":{"line":90,"column":null}},"20":{"start":{"line":87,"column":4},"end":{"line":87,"column":null}},"21":{"start":{"line":93,"column":23},"end":{"line":93,"column":null}},"22":{"start":{"line":94,"column":2},"end":{"line":94,"column":null}},"23":{"start":{"line":108,"column":2},"end":{"line":202,"column":null}},"24":{"start":{"line":110,"column":4},"end":{"line":112,"column":null}},"25":{"start":{"line":111,"column":6},"end":{"line":111,"column":null}},"26":{"start":{"line":115,"column":4},"end":{"line":117,"column":null}},"27":{"start":{"line":116,"column":6},"end":{"line":116,"column":null}},"28":{"start":{"line":120,"column":27},"end":{"line":120,"column":null}},"29":{"start":{"line":121,"column":20},"end":{"line":121,"column":null}},"30":{"start":{"line":122,"column":22},"end":{"line":122,"column":null}},"31":{"start":{"line":123,"column":26},"end":{"line":123,"column":null}},"32":{"start":{"line":126,"column":23},"end":{"line":126,"column":null}},"33":{"start":{"line":127,"column":4},"end":{"line":127,"column":null}},"34":{"start":{"line":130,"column":25},"end":{"line":133,"column":null}},"35":{"start":{"line":134,"column":25},"end":{"line":134,"column":null}},"36":{"start":{"line":135,"column":25},"end":{"line":135,"column":null}},"37":{"start":{"line":138,"column":4},"end":{"line":148,"column":null}},"38":{"start":{"line":139,"column":6},"end":{"line":139,"column":null}},"39":{"start":{"line":140,"column":6},"end":{"line":142,"column":null}},"40":{"start":{"line":144,"column":6},"end":{"line":146,"column":null}},"41":{"start":{"line":145,"column":8},"end":{"line":145,"column":null}},"42":{"start":{"line":151,"column":26},"end":{"line":151,"column":null}},"43":{"start":{"line":154,"column":21},"end":{"line":161,"column":null}},"44":{"start":{"line":164,"column":22},"end":{"line":169,"column":null}},"45":{"start":{"line":172,"column":4},"end":{"line":172,"column":null}},"46":{"start":{"line":173,"column":4},"end":{"line":173,"column":null}},"47":{"start":{"line":174,"column":4},"end":{"line":174,"column":null}},"48":{"start":{"line":177,"column":4},"end":{"line":177,"column":null}},"49":{"start":{"line":178,"column":4},"end":{"line":178,"column":null}},"50":{"start":{"line":179,"column":4},"end":{"line":179,"column":null}},"51":{"start":{"line":182,"column":23},"end":{"line":182,"column":null}},"52":{"start":{"line":183,"column":4},"end":{"line":183,"column":null}},"53":{"start":{"line":186,"column":4},"end":{"line":186,"column":null}},"54":{"start":{"line":188,"column":4},"end":{"line":193,"column":null}},"55":{"start":{"line":195,"column":4},"end":{"line":201,"column":null}},"56":{"start":{"line":215,"column":23},"end":{"line":215,"column":null}},"57":{"start":{"line":216,"column":25},"end":{"line":216,"column":null}},"58":{"start":{"line":218,"column":22},"end":{"line":218,"column":null}},"59":{"start":{"line":221,"column":2},"end":{"line":226,"column":null}},"60":{"start":{"line":222,"column":25},"end":{"line":222,"column":null}},"61":{"start":{"line":223,"column":4},"end":{"line":223,"column":null}},"62":{"start":{"line":229,"column":2},"end":{"line":231,"column":null}},"63":{"start":{"line":230,"column":4},"end":{"line":230,"column":null}},"64":{"start":{"line":234,"column":2},"end":{"line":240,"column":null}},"65":{"start":{"line":235,"column":4},"end":{"line":239,"column":null}},"66":{"start":{"line":243,"column":23},"end":{"line":249,"column":null}},"67":{"start":{"line":252,"column":24},"end":{"line":254,"column":null}},"68":{"start":{"line":253,"column":16},"end":{"line":253,"column":null}},"69":{"start":{"line":256,"column":2},"end":{"line":262,"column":null}},"70":{"start":{"line":258,"column":4},"end":{"line":258,"column":null}},"71":{"start":{"line":261,"column":4},"end":{"line":261,"column":null}},"72":{"start":{"line":265,"column":2},"end":{"line":267,"column":null}},"73":{"start":{"line":266,"column":4},"end":{"line":266,"column":null}},"74":{"start":{"line":270,"column":2},"end":{"line":270,"column":null}},"75":{"start":{"line":271,"column":2},"end":{"line":271,"column":null}},"76":{"start":{"line":272,"column":2},"end":{"line":275,"column":null}},"77":{"start":{"line":273,"column":32},"end":{"line":273,"column":null}},"78":{"start":{"line":278,"column":2},"end":{"line":278,"column":null}},"79":{"start":{"line":290,"column":2},"end":{"line":304,"column":null}},"80":{"start":{"line":292,"column":17},"end":{"line":292,"column":null}},"81":{"start":{"line":295,"column":21},"end":{"line":295,"column":null}},"82":{"start":{"line":298,"column":10},"end":{"line":298,"column":null}},"83":{"start":{"line":301,"column":4},"end":{"line":301,"column":null}},"84":{"start":{"line":303,"column":4},"end":{"line":303,"column":null}},"85":{"start":{"line":316,"column":37},"end":{"line":322,"column":null}},"86":{"start":{"line":324,"column":2},"end":{"line":375,"column":null}},"87":{"start":{"line":326,"column":21},"end":{"line":326,"column":null}},"88":{"start":{"line":329,"column":4},"end":{"line":334,"column":null}},"89":{"start":{"line":330,"column":6},"end":{"line":330,"column":null}},"90":{"start":{"line":331,"column":6},"end":{"line":331,"column":null}},"91":{"start":{"line":333,"column":6},"end":{"line":333,"column":null}},"92":{"start":{"line":337,"column":4},"end":{"line":344,"column":null}},"93":{"start":{"line":338,"column":6},"end":{"line":338,"column":null}},"94":{"start":{"line":339,"column":6},"end":{"line":341,"column":null}},"95":{"start":{"line":340,"column":8},"end":{"line":340,"column":null}},"96":{"start":{"line":343,"column":6},"end":{"line":343,"column":null}},"97":{"start":{"line":347,"column":4},"end":{"line":352,"column":null}},"98":{"start":{"line":348,"column":6},"end":{"line":348,"column":null}},"99":{"start":{"line":349,"column":6},"end":{"line":349,"column":null}},"100":{"start":{"line":351,"column":6},"end":{"line":351,"column":null}},"101":{"start":{"line":355,"column":4},"end":{"line":365,"column":null}},"102":{"start":{"line":356,"column":20},"end":{"line":356,"column":null}},"103":{"start":{"line":357,"column":19},"end":{"line":357,"column":null}},"104":{"start":{"line":358,"column":6},"end":{"line":362,"column":null}},"105":{"start":{"line":359,"column":8},"end":{"line":361,"column":null}},"106":{"start":{"line":364,"column":6},"end":{"line":364,"column":null}},"107":{"start":{"line":368,"column":4},"end":{"line":372,"column":null}},"108":{"start":{"line":374,"column":4},"end":{"line":374,"column":null}},"109":{"start":{"line":377,"column":2},"end":{"line":377,"column":null}},"110":{"start":{"line":391,"column":23},"end":{"line":391,"column":null}},"111":{"start":{"line":393,"column":2},"end":{"line":404,"column":null}},"112":{"start":{"line":394,"column":25},"end":{"line":394,"column":null}},"113":{"start":{"line":395,"column":21},"end":{"line":395,"column":null}},"114":{"start":{"line":397,"column":4},"end":{"line":399,"column":null}},"115":{"start":{"line":398,"column":6},"end":{"line":398,"column":null}},"116":{"start":{"line":401,"column":4},"end":{"line":401,"column":null}},"117":{"start":{"line":403,"column":4},"end":{"line":403,"column":null}},"118":{"start":{"line":418,"column":21},"end":{"line":418,"column":null}},"119":{"start":{"line":420,"column":2},"end":{"line":425,"column":null}},"120":{"start":{"line":421,"column":4},"end":{"line":421,"column":null}},"121":{"start":{"line":422,"column":4},"end":{"line":422,"column":null}},"122":{"start":{"line":424,"column":4},"end":{"line":424,"column":null}}},"fnMap":{"0":{"name":"ensureDir","decl":{"start":{"line":31,"column":15},"end":{"line":31,"column":25}},"loc":{"start":{"line":31,"column":57},"end":{"line":37,"column":null}},"line":31},"1":{"name":"atomicWrite","decl":{"start":{"line":45,"column":15},"end":{"line":45,"column":27}},"loc":{"start":{"line":45,"column":74},"end":{"line":63,"column":null}},"line":45},"2":{"name":"makeReadOnly","decl":{"start":{"line":70,"column":15},"end":{"line":70,"column":28}},"loc":{"start":{"line":70,"column":61},"end":{"line":73,"column":null}},"line":70},"3":{"name":"createOrUpdateSymlink","decl":{"start":{"line":81,"column":15},"end":{"line":81,"column":null}},"loc":{"start":{"line":84,"column":17},"end":{"line":95,"column":null}},"line":84},"4":{"name":"saveSnapshot","decl":{"start":{"line":104,"column":22},"end":{"line":104,"column":null}},"loc":{"start":{"line":107,"column":23},"end":{"line":203,"column":null}},"line":107},"5":{"name":"updateManifest","decl":{"start":{"line":211,"column":15},"end":{"line":211,"column":null}},"loc":{"start":{"line":214,"column":17},"end":{"line":279,"column":null}},"line":214},"6":{"name":"(anonymous_6)","decl":{"start":{"line":253,"column":4},"end":{"line":253,"column":5}},"loc":{"start":{"line":253,"column":16},"end":{"line":253,"column":null}},"line":253},"7":{"name":"(anonymous_7)","decl":{"start":{"line":265,"column":53},"end":{"line":265,"column":54}},"loc":{"start":{"line":265,"column":73},"end":{"line":267,"column":3}},"line":265},"8":{"name":"(anonymous_8)","decl":{"start":{"line":273,"column":4},"end":{"line":273,"column":5}},"loc":{"start":{"line":273,"column":32},"end":{"line":273,"column":null}},"line":273},"9":{"name":"loadSnapshot","decl":{"start":{"line":287,"column":22},"end":{"line":287,"column":null}},"loc":{"start":{"line":289,"column":50},"end":{"line":305,"column":null}},"line":289},"10":{"name":"verifySnapshot","decl":{"start":{"line":313,"column":22},"end":{"line":313,"column":null}},"loc":{"start":{"line":315,"column":31},"end":{"line":378,"column":null}},"line":315},"11":{"name":"listSnapshots","decl":{"start":{"line":387,"column":22},"end":{"line":387,"column":null}},"loc":{"start":{"line":390,"column":18},"end":{"line":405,"column":null}},"line":390},"12":{"name":"getLatestSnapshotPath","decl":{"start":{"line":414,"column":22},"end":{"line":414,"column":null}},"loc":{"start":{"line":417,"column":26},"end":{"line":426,"column":null}},"line":417}},"branchMap":{"0":{"loc":{"start":{"line":110,"column":4},"end":{"line":112,"column":null}},"type":"if","locations":[{"start":{"line":110,"column":4},"end":{"line":112,"column":null}},{"start":{},"end":{}}],"line":110},"1":{"loc":{"start":{"line":115,"column":4},"end":{"line":117,"column":null}},"type":"if","locations":[{"start":{"line":115,"column":4},"end":{"line":117,"column":null}},{"start":{},"end":{}}],"line":115},"2":{"loc":{"start":{"line":144,"column":6},"end":{"line":146,"column":null}},"type":"if","locations":[{"start":{"line":144,"column":6},"end":{"line":146,"column":null}},{"start":{},"end":{}}],"line":144},"3":{"loc":{"start":{"line":229,"column":2},"end":{"line":231,"column":null}},"type":"if","locations":[{"start":{"line":229,"column":2},"end":{"line":231,"column":null}},{"start":{},"end":{}}],"line":229},"4":{"loc":{"start":{"line":234,"column":2},"end":{"line":240,"column":null}},"type":"if","locations":[{"start":{"line":234,"column":2},"end":{"line":240,"column":null}},{"start":{},"end":{}}],"line":234},"5":{"loc":{"start":{"line":256,"column":2},"end":{"line":262,"column":null}},"type":"if","locations":[{"start":{"line":256,"column":2},"end":{"line":262,"column":null}},{"start":{"line":259,"column":9},"end":{"line":262,"column":null}}],"line":256},"6":{"loc":{"start":{"line":339,"column":6},"end":{"line":341,"column":null}},"type":"if","locations":[{"start":{"line":339,"column":6},"end":{"line":341,"column":null}},{"start":{},"end":{}}],"line":339},"7":{"loc":{"start":{"line":358,"column":6},"end":{"line":362,"column":null}},"type":"if","locations":[{"start":{"line":358,"column":6},"end":{"line":362,"column":null}},{"start":{},"end":{}}],"line":358},"8":{"loc":{"start":{"line":369,"column":6},"end":{"line":372,"column":null}},"type":"binary-expr","locations":[{"start":{"line":369,"column":6},"end":{"line":369,"column":null}},{"start":{"line":370,"column":6},"end":{"line":370,"column":null}},{"start":{"line":371,"column":6},"end":{"line":371,"column":null}},{"start":{"line":372,"column":6},"end":{"line":372,"column":null}}],"line":369},"9":
[...]
187,"column":2},"end":{"line":208,"column":null}},"62":{"start":{"line":188,"column":24},"end":{"line":188,"column":null}},"63":{"start":{"line":189,"column":17},"end":{"line":189,"column":null}},"64":{"start":{"line":190,"column":16},"end":{"line":190,"column":null}},"65":{"start":{"line":192,"column":4},"end":{"line":194,"column":null}},"66":{"start":{"line":193,"column":6},"end":{"line":193,"column":null}},"67":{"start":{"line":195,"column":4},"end":{"line":198,"column":null}},"68":{"start":{"line":196,"column":6},"end":{"line":197,"column":null}},"69":{"start":{"line":199,"column":4},"end":{"line":203,"column":null}},"70":{"start":{"line":200,"column":6},"end":{"line":202,"column":null}},"71":{"start":{"line":204,"column":4},"end":{"line":207,"column":null}},"72":{"start":{"line":211,"column":2},"end":{"line":219,"column":null}},"73":{"start":{"line":212,"column":24},"end":{"line":212,"column":null}},"74":{"start":{"line":213,"column":17},"end":{"line":213,"column":null}},"75":{"start":{"line":214,"column":16},"end":{"line":214,"column":null}},"76":{"start":{"line":216,"column":4},"end":{"line":218,"column":null}},"77":{"start":{"line":222,"column":2},"end":{"line":225,"column":null}},"78":{"start":{"line":223,"column":24},"end":{"line":223,"column":null}},"79":{"start":{"line":224,"column":4},"end":{"line":224,"column":null}},"80":{"start":{"line":226,"column":2},"end":{"line":229,"column":null}},"81":{"start":{"line":227,"column":24},"end":{"line":227,"column":null}},"82":{"start":{"line":228,"column":4},"end":{"line":228,"column":null}},"83":{"start":{"line":230,"column":2},"end":{"line":233,"column":null}},"84":{"start":{"line":231,"column":24},"end":{"line":231,"column":null}},"85":{"start":{"line":232,"column":4},"end":{"line":232,"column":null}},"86":{"start":{"line":234,"column":2},"end":{"line":237,"column":null}},"87":{"start":{"line":235,"column":24},"end":{"line":235,"column":null}},"88":{"start":{"line":236,"column":4},"end":{"line":236,"column":null}},"89":{"start":{"line":239,"column":2},"end":{"line":239,"column":null}},"90":{"start":{"line":249,"column":17},"end":{"line":249,"column":null}},"91":{"start":{"line":250,"column":2},"end":{"line":250,"column":null}},"92":{"start":{"line":260,"column":2},"end":{"line":260,"column":null}},"93":{"start":{"line":270,"column":17},"end":{"line":270,"column":null}},"94":{"start":{"line":271,"column":2},"end":{"line":271,"column":null}}},"fnMap":{"0":{"name":"parseSemVer","decl":{"start":{"line":21,"column":16},"end":{"line":21,"column":28}},"loc":{"start":{"line":21,"column":63},"end":{"line":37,"column":null}},"line":21},"1":{"name":"compareSemVer","decl":{"start":{"line":46,"column":16},"end":{"line":46,"column":30}},"loc":{"start":{"line":46,"column":62},"end":{"line":78,"column":null}},"line":46},"2":{"name":"comparePrerelease","decl":{"start":{"line":83,"column":9},"end":{"line":83,"column":27}},"loc":{"start":{"line":83,"column":63},"end":{"line":118,"column":null}},"line":83},"3":{"name":"getVersionChangeType","decl":{"start":{"line":127,"column":16},"end":{"line":127,"column":null}},"loc":{"start":{"line":130,"column":40},"end":{"line":145,"column":null}},"line":130},"4":{"name":"incrementVersion","decl":{"start":{"line":154,"column":16},"end":{"line":154,"column":null}},"loc":{"start":{"line":157,"column":10},"end":{"line":170,"column":null}},"line":157},"5":{"name":"satisfiesRange","decl":{"start":{"line":180,"column":16},"end":{"line":180,"column":31}},"loc":{"start":{"line":180,"column":72},"end":{"line":240,"column":null}},"line":180},"6":{"name":"isPrerelease","decl":{"start":{"line":248,"column":16},"end":{"line":248,"column":29}},"loc":{"start":{"line":248,"column":55},"end":{"line":251,"column":null}},"line":248},"7":{"name":"isStable","decl":{"start":{"line":259,"column":16},"end":{"line":259,"column":25}},"loc":{"start":{"line":259,"column":51},"end":{"line":261,"column":null}},"line":259},"8":{"name":"getBaseVersion","decl":{"start":{"line":269,"column":16},"end":{"line":269,"column":31}},"loc":{"start":{"line":269,"column":56},"end":{"line":272,"column":null}},"line":269}},"branchMap":{"0":{"loc":{"start":{"line":26,"column":2},"end":{"line":28,"column":null}},"type":"if","locations":[{"start":{"line":26,"column":2},"end":{"line":28,"column":null}},{"start":{},"end":{}}],"line":26},"1":{"loc":{"start":{"line":51,"column":2},"end":{"line":53,"column":null}},"type":"if","locations":[{"start":{"line":51,"column":2},"end":{"line":53,"column":null}},{"start":{},"end":{}}],"line":51},"2":{"loc":{"start":{"line":52,"column":11},"end":{"line":52,"column":null}},"type":"cond-expr","locations":[{"start":{"line":52,"column":43},"end":{"line":52,"column":47}},{"start":{"line":52,"column":47},"end":{"line":52,"column":null}}],"line":52},"3":{"loc":{"start":{"line":56,"column":2},"end":{"line":58,"column":null}},"type":"if","locations":[{"start":{"line":56,"column":2},"end":{"line":58,"column":null}},{"start":{},"end":{}}],"line":56},"4":{"loc":{"start":{"line":57,"column":11},"end":{"line":57,"column":null}},"type":"cond-expr","locations":[{"start":{"line":57,"column":43},"end":{"line":57,"column":47}},{"start":{"line":57,"column":47},"end":{"line":57,"column":null}}],"line":57},"5":{"loc":{"start":{"line":61,"column":2},"end":{"line":63,"column":null}},"type":"if","locations":[{"start":{"line":61,"column":2},"end":{"line":63,"column":null}},{"start":{},"end":{}}],"line":61},"6":{"loc":{"start":{"line":62,"column":11},"end":{"line":62,"column":null}},"type":"cond-expr","locations":[{"start":{"line":62,"column":43},"end":{"line":62,"column":47}},{"start":{"line":62,"column":47},"end":{"line":62,"column":null}}],"line":62},"7":{"loc":{"start":{"line":66,"column":2},"end":{"line":68,"column":null}},"type":"if","locations":[{"start":{"line":66,"column":2},"end":{"line":68,"column":null}},{"start":{},"end":{}}],"line":66},"8":{"loc":{"start":{"line":66,"column":6},"end":{"line":66,"column":49}},"type":"binary-expr","locations":[{"start":{"line":66,"column":6},"end":{"line":66,"column":28}},{"start":{"line":66,"column":28},"end":{"line":66,"column":49}}],"line":66},"9":{"loc":{"start":{"line":69,"column":2},"end":{"line":71,"column":null}},"type":"if","locations":[{"start":{"line":69,"column":2},"end":{"line":71,"column":null}},{"start":{},"end":{}}],"line":69},"10":{"loc":{"start":{"line":69,"column":6},"end":{"line":69,"column":49}},"type":"binary-expr","locations":[{"start":{"line":69,"column":6},"end":{"line":69,"column":29}},{"start":{"line":69,"column":29},"end":{"line":69,"column":49}}],"line":69},"11":{"loc":{"start":{"line":72,"column":2},"end":{"line":74,"column":null}},"type":"if","locations":[{"start":{"line":72,"column":2},"end":{"line":74,"column":null}},{"start":{},"end":{}}],"line":72},"12":{"loc":{"start":{"line":72,"column":6},"end":{"line":72,"column":48}},"type":"binary-expr","locations":[{"start":{"line":72,"column":6},"end":{"line":72,"column":28}},{"start":{"line":72,"column":28},"end":{"line":72,"column":48}}],"line":72},"13":{"loc":{"start":{"line":92,"column":4},"end":{"line":92,"column":null}},"type":"if","locations":[{"start":{"line":92,"column":4},"end":{"line":92,"column":null}},{"start":{},"end":{}}],"line":92},"14":{"loc":{"start":{"line":93,"column":4},"end":{"line":93,"column":null}},"type":"if","locations":[{"start":{"line":93,"column":4},"end":{"line":93,"column":null}},{"start":{},"end":{}}],"line":93},"15":{"loc":{"start":{"line":99,"column":4},"end":{"line":114,"column":null}},"type":"if","locations":[{"start":{"line":99,"column":4},"end":{"line":114,"column":null}},{"start":{"line":105,"column":4},"end":{"line":114,"column":null}}],"line":99},"16":{"loc":{"start":{"line":99,"column":8},"end":{"line":99,"column":26}},"type":"binary-expr","locations":[{"start":{"line":99,"column":8},"end":{"line":99,"column":18}},{"start":{"line":99,"column":18},"end":{"line":99,"column":26}}],"line":99},"17":{"loc":{"start":{"line":102,"column":6},"end":{"line":104,"column":null}},"type":"if","locations":[{"start":{"line":102,"column":6},"end":{"line":104,"column":null}},{"start":{},"end":{}}],"line":102},"18":{"loc":{"start":{"line":103,"column":15},"end":{"line":103,"column":null}},"type":"cond-expr","locations":[{"start":{"line":103,"column":29},"end":{"line":103,"column":33}},{"start":{"line":103,"column":33},"end":{"line":103,"column":null}}],"line":103},"19":{"loc":{"start":{"line":105,"column":4},"end":{"line":114,"column":null}},"type":"if","locations":[{"start":{"line":105,"column":4},"end":{"line":114,"column":null}},{"start":{"line":107,"column":4},"end":{"line":114,"column":null}}],"line":105},"20":{"loc":{"start":{"line":107,"column":4},"end":{"line":114,"column":null}},"type":"if","locations":[{"start":{"line":107,"column":4},"end":{"line":114,"column":null}},{"start":{"line":109,"column":11},"end":{"line":114,"column":null}}],"line":107},"21":{"loc":{"start":{"line":111,"column":6},"end":{"line":113,"column":null}},"type":"if","locations":[{"start":{"line":111,"column":6},"end":{"line":113,"column":null}},{"start":{},"end":{}}],"line":111},"22":{"loc":{"start":{"line":112,"column":15},"end":{"line":112,"column":null}},"type":"cond-expr","locations":[{"start":{"line":112,"column":31},"end":{"line":112,"column":35}},{"start":{"line":112,"column":35},"end":{"line":112,"column":null}}],"line":112},"23":{"loc":{"start":{"line":134,"column":2},"end":{"line":136,"column":null}},"type":"if","locations":[{"start":{"line":134,"column":2},"end":{"line":136,"column":null}},{"start":{},"end":{}}],"line":134},"24":{"loc":{"start":{"line":137,"column":2},"end":{"line":139,"column":null}},"type":"if","locations":[{"start":{"line":137,"column":2},"end":{"line":139,"column":null}},{"start":{},"end":{}}],"line":137},"25":{"loc":{"start":{"line":140,"column":2},"end":{"line":142,"column":null}},"type":"if","locations":[{"start":{"line":140,"column":2},"end":{"line":142,"column":null}},{"start":{},"end":{}}],"line":140},"26":{"loc":{"start":{"line":160,"column":2},"end":{"line":169,"column":null}},"type":"switch","locations":[{"start":{"line":161,"column":4},"end":{"line":162,"column":null}},{"start":{"line":163,"column":4},"end":{"line":164,"column":null}},{"start":{"line":165,"column":4},"end":{"line":166,"column":null}},{"start":{"line":167,"column":4},"end":{"line":168,"column":null}}],"line":160},"27":{"loc":{"start":{"line":182,"column":2},"end":{"line":184,"column":null}},"type":"if","locations":[{"start":{"line":182,"column":2},"end":{"line":184,"column":null}},{"start":{},"end":{}}],"line":182},"28":{"loc":{"start":{"line":187,"column":2},"end":{"line":208,"column":null}},"type":"if","locations":[{"start":{"line":187,"column":2},"end":{"line":208,"column":null}},{"start":{},"end":{}}],"line":187},"29":{"loc":{"start":{"line":192,"column":4},"end":{"line":194,"column":null}},"type":"if","locations":[{"start":{"line":192,"column":4},"end":{"line":194,"column":null}},{"start":{},"end":{}}],"line":192},"30":{"loc":{"start":{"line":195,"column":4},"end":{"line":198,"column":null}},"type":"if","locations":[{"start":{"line":195,"column":4},"end":{"line":198,"column":null}},{"start":{},"end":{}}],"line":195},"31":{"loc":{"start":{"line":196,"column":13},"end":{"line":197,"column":null}},"type":"binary-expr","locations":[{"start":{"line":196,"column":13},"end":{"line":196,"column":null}},{"start":{"line":197,"column":13},"end":{"line":197,"column":null}}],"line":196},"32":{"loc":{"start":{"line":199,"column":4},"end":{"line":203,"column":null}},"type":"if","locations":[{"start":{"line":199,"column":4},"end":{"line":203,"column":null}},{"start":{},"end":{}}],"line":199},"33":{"loc":{"start":{"line":200,"column":13},"end":{"line":202,"column":null}},"type":"binary-expr","locations":[{"start":{"line":200,"column":13},"end":{"line":200,"column":null}},{"start":{"line":201,"column":13},"end":{"line":201,"column":null}},{"start":{"line":202,"column":13},"end":{"line":202,"column":null}}],"line":200},"34":{"loc":{"start":{"line":204,"column":11},"end":{"line":207,"column":null}},"type":"binary-expr","locations":[{"start":{"line":204,"column":11},"end":{"line":204,"column":null}},{"start":{"line":205,"column":11},"end":{"line":205,"column":null}},{"start":{"line":206,"column":11},"end":{"line":206,"column":null}},{"start":{"line":207,"column":11},"end":{"line":207,"column":null}}],"line":204},"35":{"loc":{"start":{"line":211,"column":2},"end":{"line":219,"column":null}},"type":"if","locations":[{"start":{"line":211,"column":2},"end":{"line":219,"column":null}},{"start":{},"end":{}}],"line":211},"36":{"loc":{"start":{"line":216,"column":11},"end":{"line":218,"column":null}},"type":"binary-expr","locations":[{"start":{"line":216,"column":11},"end":{"line":216,"column":null}},{"start":{"line":217,"column":11},"end":{"line":217,"column":null}},{"start":{"line":218,"column":11},"end":{"line":218,"column":null}}],"line":216},"37":{"loc":{"start":{"line":222,"column":2},"end":{"line":225,"column":null}},"type":"if","locations":[{"start":{"line":222,"column":2},"end":{"line":225,"column":null}},{"start":{},"end":{}}],"line":222},"38":{"loc":{"start":{"line":226,"column":2},"end":{"line":229,"column":null}},"type":"if","locations":[{"start":{"line":226,"column":2},"end":{"line":229,"column":null}},{"start":{},"end":{}}],"line":226},"39":{"loc":{"start":{"line":230,"column":2},"end":{"line":233,"column":null}},"type":"if","locations":[{"start":{"line":230,"column":2},"end":{"line":233,"column":null}},{"start":{},"end":{}}],"line":230},"40":{"loc":{"start":{"line":234,"column":2},"end":{"line":237,"column":null}},"type":"if","locations":[{"start":{"line":234,"column":2},"end":{"line":237,"column":null}},{"start":{},"end":{}}],"line":234}},"s":{"0":128,"1":128,"2":128,"3":3,"4":125,"5":24,"6":24,"7":24,"8":7,"9":17,"10":5,"11":12,"12":4,"13":8,"14":1,"15":7,"16":1,"17":6,"18":2,"19":4,"20":2,"21":2,"22":2,"23":2,"24":3,"25":3,"26":3,"27":0,"28":3,"29":0,"30":3,"31":3,"32":3,"33":1,"34":1,"35":1,"36":1,"37":2,"38":0,"39":2,"40":0,"41":2,"42":1,"43":0,"44":8,"45":8,"46":8,"47":3,"48":5,"49":3,"50":2,"51":1,"52":1,"53":3,"54":3,"55":1,"56":1,"57":1,"58":0,"59":16,"60":2,"61":14,"62":3,"63":3,"64":3,"65":3,"66":1,"67":2,"68":2,"69":0,"70":0,"71":0,"72":11,"73":3,"74":3,"75":3,"76":3,"77":8,"78":2,"79":2,"80":6,"81":2,"82":2,"83":4,"84":2,"85":2,"86":2,"87":2,"88":2,"89":0,"90":5,"91":5,"92":2,"93":4,"94":4},"f":{"0":128,"1":24,"2":2,"3":8,"4":3,"5":16,"6":5,"7":2,"8":4},"b":{"0":[3,125],"1":[7,17],"2":[3,4],"3":[5,12],"4":[4,1],"5":[4,8],"6":[3,1],"7":[1,7],"8":[8,3],"9":[1,6],"10":[7,5],"11":[2,4],"12":[6,2],"13":[0,3],"14":[0,3],"15":[1,2],"16":[3,1],"17":[1,0],"18":[1,0],"19":[0,2],"20":[0,2],"21":[1,1],"22":[0,1],"23":[3,5],"24":[3,2],"25":[1,1],"26":[1,1,1,0],"27":[2,14],"28":[3,11],"29":[1,2],"30":[2,0],"31":[2,2],"32":[0,0],"33":[0,0,0],"34":[0,0,0,0],"35":[3,8],"36":[3,3,2],"37":[2,6],"38":[2,4],"39":[2,2],"40":[2,0]},"meta":{"lastBranch":41,"lastFunction":9,"lastStatement":95,"seen":{"f:21:16:21:28":0,"s:23:4:23:Infinity":0,"s:25:16:25:Infinity":1,"b:26:2:28:Infinity:undefined:undefined:undefined:undefined":0,"s:26:2:28:Infinity":2,"s:27:4:27:Infinity":3,"s:30:2:36:Infinity":4,"f:46:16:46:30":1,"s:47:18:47:Infinity":5,"s:48:18:48:Infinity":6,"b:51:2:53:Infinity:undefined:undefined:undefined:undefined":1,"s:51:2:53:Infinity":7,"s:52:4:52:Infinity":8,"b:52:43:52:47:52:47:52:Infinity":2,"b:56:2:58:Infinity:undefined:undefined:undefined:undefined":3,"s:56:2:58:Infinity":9,"s:57:4:57:Infinity":10,"b:57:43:57:47:57:47:57:Infinity":4,"b:61:2:63:Infinity:undefined:undefined:undefined:undefined":5,"s:61:2:63:Infinity":11,"s:62:4:62:Infinity":12,"b:62:43:62:47:62:47:62:Infinity":6,"b:66:2:68:Infinity:undefined:undefined:undefined:undefined":7,"s:66:2:68:Infinity":13,"b:66:6:66:28:66:28:66:49":8,"s:67:4:67:Infinity":14,"b:69:2:71:Infinity:undefined:undefined:undefined:undefined":9,"s:69:2:71:Infinity":15,"b:69:6:69:29:69:29:69:49":10,"s:70:4:70:Infinity":16,"b:72:2:74:Infinity:undefined:undefined:undefined:undefined":11,"s:72:2:74:Infinity":17,"b:72:6:72:28:72:28:72:48":12,"s:73:4:73:Infinity":18,"s:77:2:77:Infinity":19,"f:83:9:83:27":2,"s:84:17:84:Infinity":20,"s:85:17:85:Infinity":21,"s:87:2:115:Infinity":22,"s:87:15:87:18":23,"s:88:18:88:Infinity":24,"s:89:18:89:Infinity":25,"b:92:4:92:Infinity:undefined:undefined:undefined:undefined":13,"s:92:4:92:Infinity":26,"s:92:29:92:Infinity":27,"b:93:4:93:Infinity:undefined:undefined:undefined:undefined":14,"s:93:4:93:Infinity":28,"s:93:29:93:Infinity":29,"s:96:19:96:Infinity":30,"s:97:19:97:Infinity":31,"b:99:4:114:Infinity:105:4:114:Infinity":15,"s:99:4:114:Infinity":32,"b:99:8:99:18:99:18:99:26":16,"s:100:19:100:Infinity":33,"s:101:19:101:Infinity":34,"b:102:6:104:Infinity:undefined:undefined:undefined:undefined":17,"s:102:6:104:Infinity":35,"s:103:8:103:Infinity":36,"b:103:29:103:33:103:33:103:Infinity":18,"b:105:4:114:Infinity:107:4:114:Infinity":19,"s:105:4:114:Infinity":37,"s:106:6:106:Infinity":38,"b:107:4:114:Infinity:109:11:114:Infinity":20,"s:107:4:114:Infinity":39,"s:108:6:108:Infinity":40,"b:111:6:113:Infinity:undefined:undefined:undefined:undefined":21,"s:111:6:113:Infinity":41,"s:112:8:112:Infinity":42,"b:112:31:112:35:112:35:112:Infinity":22,"s:117:2:117:Infinity":43,"f:127:16:127:Infinity":3,"s:131:18:131:Infinity":44,"s:132:18:132:Infinity":45,"b:134:2:136:Infinity:undefined:undefined:undefined:undefined":23,"s:134:2:136:Infinity":46,"s:135:4:135:Infinity":47,"b:137:2:139:Infinity:undefined:undefined:undefined:undefined":24,"s:137:2:139:Infinity":48,"s:138:4:138:Infinity":49,"b:140:2:142:Infinity:undefined:undefined:undefined:undefined":25,"s:140:2:142:Infinity":50,"s:141:4:141:Infinity":51,"s:144:2:144:Infinity":52,"f:154:16:154:Infinity":4,"s:158:17:158:Infinity":53,"b:161:4:162:Infinity:163:4:164:Infinity:165:4:166:Infinity:167:4:168:Infinity":26,"s:160:2:169:Infinity":54,"s:162:6:162:Infinity":55,"s:164:6:164:Infinity":56,"s:166:6:166:Infinity":57,"s:168:6:168:Infinity":58,"f:180:16:180:31":5,"b:182:2:184:Infinity:undefined:undefined:undefined:undefined":27,"s:182:2:184:Infinity":59,"s:183:4:183:Infinity":60,"b:187:2:208:Infinity:undefined:undefined:undefined:undefined":28,"s:187:2:208:Infinity":61,"s:188:24:188:Infinity":62,"s:189:17:189:Infinity":63,"s:190:16:190:Infinity":64,"b:192:4:194:Infinity:undefined:undefined:undefined:undefined":29,"s:192:4:194:Infinity":65,"s:193:6:193:Infinity":66,"b:195:4:198:Infinity:undefined:undefined:undefined:undefined":30,"s:195:4:198:Infinity":67,"s:196:6:197:Infinity":68,"b:196:13:196:Infinity:197:13:197:Infinity":31,"b:199:4:203:Infinity:undefined:undefined:undefined:undefined":32,"s:199:4:203:Infinity":69,"s:200:6:202:Infinity":70,"b:200:13:200:Infinity:201:13:201:Infinity:202:13:202:Infinity":33,"s:204:4:207:Infinity":71,"b:204:11:204:Infinity:205:11:205:Infinity:206:11:206:Infinity:207:11:207:Infinity":34,"b:211:2:219:Infinity:undefined:undefined:undefined:undefined":35,"s:211:2:219:Infinity":72,"s:212:24:212:Infinity":73,"s:213:17:213:Infinity":74,"s:214:16:214:Infinity":75,"s:216:4:218:Infinity":76,"b:216:11:216:Infinity:217:11:217:Infinity:218:11:218:Infinity":36,"b:222:2:225:Infinity:undefined:undefined:undefined:undefined":37,"s:222:2:225:Infinity":77,"s:223:24:223:Infinity":78,"s:224:4:224:Infinity":79,"b:226:2:229:Infinity:undefined:undefined:undefined:undefined":38,"s:226:2:229:Infinity":80,"s:227:24:227:Infinity":81,"s:228:4:228:Infinity":82,"b:230:2:233:Infinity:undefined:undefined:undefined:undefined":39,"s:230:2:233:Infinity":83,"s:231:24:231:Infinity":84,"s:232:4:232:Infinity":85,"b:234:2:237:Infinity:undefined:undefined:undefined:undefined":40,"s:234:2:237:Infinity":86,"s:235:24:235:Infinity":87,"s:236:4:236:Infinity":88,"s:239:2:239:Infinity":89,"f:248:16:248:29":6,"s:249:17:249:Infinity":90,"s:250:2:250:Infinity":91,"f:259:16:259:25":7,"s:260:2:260:Infinity":92,"f:269:16:269:31":8,"s:270:17:270:Infinity":93,"s:271:2:271:Infinity":94}}}
}
